
*** Running vivado
    with args -log three_k_plus_one.vdi -applog -m64 -product Vivado -messageDb vivado.pb -mode batch -source three_k_plus_one.tcl -notrace


****** Vivado v2025.1 (64-bit)
  **** SW Build 6140274 on Wed May 21 22:58:25 MDT 2025
  **** IP Build 6138677 on Thu May 22 03:10:11 MDT 2025
  **** SharedData Build 6139179 on Tue May 20 17:58:58 MDT 2025
  **** Start of session at: Fri Jun 26 16:56:30 2026
    ** Copyright 1986-2022 Xilinx, Inc. All Rights Reserved.
    ** Copyright 2022-2025 Advanced Micro Devices, Inc. All Rights Reserved.

source three_k_plus_one.tcl -notrace
Command: link_design -top three_k_plus_one -part xc7a100tcsg324-1
Design is defaulting to srcset: sources_1
Design is defaulting to constrset: constrs_1
INFO: [Device 21-403] Loading part xc7a100tcsg324-1
Netlist sorting complete. Time (s): cpu = 00:00:00 ; elapsed = 00:00:00 . Memory (MB): peak = 2012.879 ; gain = 0.000 ; free physical = 8204 ; free virtual = 20466
INFO: [Netlist 29-17] Analyzing 7 Unisim elements for replacement
INFO: [Netlist 29-28] Unisim Transformation completed in 0 CPU seconds
INFO: [Project 1-479] Netlist was created with Vivado 2025.1
INFO: [Project 1-570] Preparing netlist for logic optimization
Parsing XDC File [/nfs/home/b/b_orchar/Documents/COEN313/Project/Modelsim/Code/3k.xdc]
Finished Parsing XDC File [/nfs/home/b/b_orchar/Documents/COEN313/Project/Modelsim/Code/3k.xdc]
INFO: [Opt 31-138] Pushed 0 inverter(s) to 0 load pin(s).
Netlist sorting complete. Time (s): cpu = 00:00:00 ; elapsed = 00:00:00 . Memory (MB): peak = 2200.422 ; gain = 0.000 ; free physical = 8110 ; free virtual = 20372
INFO: [Project 1-111] Unisim Transformation Summary:
No Unisim elements were transformed.

7 Infos, 0 Warnings, 0 Critical Warnings and 0 Errors encountered.
link_design completed successfully
link_design: Time (s): cpu = 00:00:03 ; elapsed = 00:00:07 . Memory (MB): peak = 2204.426 ; gain = 364.570 ; free physical = 8106 ; free virtual = 20368
Command: opt_design
Attempting to get a license for feature 'Implementation' and/or device 'xc7a100t'
INFO: [Common 17-349] Got license for feature 'Implementation' and/or device 'xc7a100t'
Running DRC as a precondition to command opt_design

Starting DRC Task
INFO: [DRC 23-27] Running DRC with 8 threads
INFO: [Project 1-461] DRC finished with 0 Errors
INFO: [Project 1-462] Please refer to the DRC report (report_drc) for more information.

Time (s): cpu = 00:00:02 ; elapsed = 00:00:00.59 . Memory (MB): peak = 2309.484 ; gain = 105.059 ; free physical = 8003 ; free virtual = 20265

Starting Cache Timing Information Task
INFO: [Timing 38-35] Done setting XDC timing constraints.
Ending Cache Timing Information Task | Checksum: 28aa4d3c9

Time (s): cpu = 00:00:04 ; elapsed = 00:00:04 . Memory (MB): peak = 2738.438 ; gain = 428.953 ; free physical = 7633 ; free virtual = 19895

Starting Logic Optimization Task

Phase 1 Initialization

Phase 1.1 Core Generation And Design Setup
Phase 1.1 Core Generation And Design Setup | Checksum: 28aa4d3c9

Time (s): cpu = 00:00:00 ; elapsed = 00:00:00 . Memory (MB): peak = 3091.188 ; gain = 0.000 ; free physical = 7286 ; free virtual = 19549

Phase 1.2 Setup Constraints And Sort Netlist
Phase 1.2 Setup Constraints And Sort Netlist | Checksum: 28aa4d3c9

Time (s): cpu = 00:00:00 ; elapsed = 00:00:00.01 . Memory (MB): peak = 3091.188 ; gain = 0.000 ; free physical = 7286 ; free virtual = 19549
Phase 1 Initialization | Checksum: 28aa4d3c9

Time (s): cpu = 00:00:00 ; elapsed = 00:00:00.01 . Memory (MB): peak = 3091.188 ; gain = 0.000 ; free physical = 7286 ; free virtual = 19549

Phase 2 Timer Update And Timing Data Collection

Phase 2.1 Timer Update
Phase 2.1 Timer Update | Checksum: 28aa4d3c9

Time (s): cpu = 00:00:00.01 ; elapsed = 00:00:00.01 . Memory (MB): peak = 3091.188 ; gain = 0.000 ; free physical = 7286 ; free virtual = 19549

Phase 2.2 Timing Data Collection
Phase 2.2 Timing Data Collection | Checksum: 28aa4d3c9

Time (s): cpu = 00:00:00.01 ; elapsed = 00:00:00.01 . Memory (MB): peak = 3091.188 ; gain = 0.000 ; free physical = 7286 ; free virtual = 19549
Phase 2 Timer Update And Timing Data Collection | Checksum: 28aa4d3c9

Time (s): cpu = 00:00:00.01 ; elapsed = 00:00:00.01 . Memory (MB): peak = 3091.188 ; gain = 0.000 ; free physical = 7286 ; free virtual = 19549

Phase 3 Retarget
INFO: [Opt 31-1851] Number of loadless carry chains removed were: 0
INFO: [Opt 31-1834] Total Chains To Be Transformed Were: 0 AND Number of Transformed insts Created are: 0
INFO: [Opt 31-138] Pushed 0 inverter(s) to 0 load pin(s).
INFO: [Opt 31-49] Retargeted 0 cell(s).
Phase 3 Retarget | Checksum: 28aa4d3c9

Time (s): cpu = 00:00:00.01 ; elapsed = 00:00:00.02 . Memory (MB): peak = 3091.188 ; gain = 0.000 ; free physical = 7286 ; free virtual = 19549
Retarget | Checksum: 28aa4d3c9
INFO: [Opt 31-389] Phase Retarget created 0 cells and removed 0 cells

Phase 4 Constant propagation
INFO: [Opt 31-138] Pushed 0 inverter(s) to 0 load pin(s).
Phase 4 Constant propagation | Checksum: 28aa4d3c9

Time (s): cpu = 00:00:00.02 ; elapsed = 00:00:00.02 . Memory (MB): peak = 3091.188 ; gain = 0.000 ; free physical = 7286 ; free virtual = 19549
Constant propagation | Checksum: 28aa4d3c9
INFO: [Opt 31-389] Phase Constant propagation created 0 cells and removed 0 cells

Phase 5 Sweep
INFO: [Constraints 18-11670] Building netlist checker database with flags, 0x8
Done building netlist checker database: Time (s): cpu = 00:00:00 ; elapsed = 00:00:00 . Memory (MB): peak = 3091.188 ; gain = 0.000 ; free physical = 7286 ; free virtual = 19549
Phase 5 Sweep | Checksum: 1d03aea9e

Time (s): cpu = 00:00:00.02 ; elapsed = 00:00:00.03 . Memory (MB): peak = 3091.188 ; gain = 0.000 ; free physical = 7286 ; free virtual = 19549
Sweep | Checksum: 1d03aea9e
INFO: [Opt 31-389] Phase Sweep created 0 cells and removed 0 cells

Phase 6 BUFG optimization
Phase 6 BUFG optimization | Checksum: 1d03aea9e

Time (s): cpu = 00:00:00.02 ; elapsed = 00:00:00.03 . Memory (MB): peak = 3123.203 ; gain = 32.016 ; free physical = 7286 ; free virtual = 19549
BUFG optimization | Checksum: 1d03aea9e
INFO: [Opt 31-662] Phase BUFG optimization created 0 cells of which 0 are BUFGs and removed 0 cells.

Phase 7 Shift Register Optimization
INFO: [Opt 31-1064] SRL Remap converted 0 SRLs to 0 registers and converted 0 registers of register chains to 0 SRLs
Phase 7 Shift Register Optimization | Checksum: 1d03aea9e

Time (s): cpu = 00:00:00.02 ; elapsed = 00:00:00.03 . Memory (MB): peak = 3123.203 ; gain = 32.016 ; free physical = 7286 ; free virtual = 19549
Shift Register Optimization | Checksum: 1d03aea9e
INFO: [Opt 31-389] Phase Shift Register Optimization created 0 cells and removed 0 cells

Phase 8 Post Processing Netlist
Phase 8 Post Processing Netlist | Checksum: 1d03aea9e

Time (s): cpu = 00:00:00.03 ; elapsed = 00:00:00.03 . Memory (MB): peak = 3123.203 ; gain = 32.016 ; free physical = 7286 ; free virtual = 19549
Post Processing Netlist | Checksum: 1d03aea9e
INFO: [Opt 31-389] Phase Post Processing Netlist created 0 cells and removed 0 cells

Phase 9 Finalization

Phase 9.1 Finalizing Design Cores and Updating Shapes
Phase 9.1 Finalizing Design Cores and Updating Shapes | Checksum: 309746987

Time (s): cpu = 00:00:00.03 ; elapsed = 00:00:00.04 . Memory (MB): peak = 3123.203 ; gain = 32.016 ; free physical = 7286 ; free virtual = 19549

Phase 9.2 Verifying Netlist Connectivity

Starting Connectivity Check Task

Time (s): cpu = 00:00:00 ; elapsed = 00:00:00.01 . Memory (MB): peak = 3123.203 ; gain = 0.000 ; free physical = 7286 ; free virtual = 19549
Phase 9.2 Verifying Netlist Connectivity | Checksum: 309746987

Time (s): cpu = 00:00:00.03 ; elapsed = 00:00:00.05 . Memory (MB): peak = 3123.203 ; gain = 32.016 ; free physical = 7286 ; free virtual = 19549
Phase 9 Finalization | Checksum: 309746987

Time (s): cpu = 00:00:00.03 ; elapsed = 00:00:00.05 . Memory (MB): peak = 3123.203 ; gain = 32.016 ; free physical = 7286 ; free virtual = 19549
Opt_design Change Summary
=========================


-------------------------------------------------------------------------------------------------------------------------
|  Phase                        |  #Cells created  |  #Cells Removed  |  #Constrained objects preventing optimizations  |
-------------------------------------------------------------------------------------------------------------------------
|  Retarget                     |               0  |               0  |                                              0  |
|  Constant propagation         |               0  |               0  |                                              0  |
|  Sweep                        |               0  |               0  |                                              0  |
|  BUFG optimization            |               0  |               0  |                                              0  |
|  Shift Register Optimization  |               0  |               0  |                                              0  |
|  Post Processing Netlist      |               0  |               0  |                                              0  |
-------------------------------------------------------------------------------------------------------------------------


Ending Logic Optimization Task | Checksum: 309746987

Time (s): cpu = 00:00:00.03 ; elapsed = 00:00:00.05 . Memory (MB): peak = 3123.203 ; gain = 32.016 ; free physical = 7286 ; free virtual = 19549

Starting Power Optimization Task
INFO: [Pwropt 34-132] Skipping clock gating for clocks with a period < 2.00 ns.
Ending Power Optimization Task | Checksum: 309746987

Time (s): cpu = 00:00:00 ; elapsed = 00:00:00.01 . Memory (MB): peak = 3123.203 ; gain = 0.000 ; free physical = 7286 ; free virtual = 19549

Starting Final Cleanup Task
Ending Final Cleanup Task | Checksum: 309746987

Time (s): cpu = 00:00:00.01 ; elapsed = 00:00:00 . Memory (MB): peak = 3123.203 ; gain = 0.000 ; free physical = 7286 ; free virtual = 19549

Starting Netlist Obfuscation Task
Netlist sorting complete. Time (s): cpu = 00:00:00 ; elapsed = 00:00:00 . Memory (MB): peak = 3123.203 ; gain = 0.000 ; free physical = 7286 ; free virtual = 19549
Ending Netlist Obfuscation Task | Checksum: 309746987

Time (s): cpu = 00:00:00 ; elapsed = 00:00:00 . Memory (MB): peak = 3123.203 ; gain = 0.000 ; free physical = 7286 ; free virtual = 19549
INFO: [Common 17-83] Releasing license: Implementation
27 Infos, 0 Warnings, 0 Critical Warnings and 0 Errors encountered.
opt_design completed successfully
opt_design: Time (s): cpu = 00:00:07 ; elapsed = 00:00:07 . Memory (MB): peak = 3123.203 ; gain = 918.777 ; free physical = 7286 ; free virtual = 19549
INFO: [Vivado 12-24828] Executing command : report_drc -file three_k_plus_one_drc_opted.rpt -pb three_k_plus_one_drc_opted.pb -rpx three_k_plus_one_drc_opted.rpx
Command: report_drc -file three_k_plus_one_drc_opted.rpt -pb three_k_plus_one_drc_opted.pb -rpx three_k_plus_one_drc_opted.rpx
INFO: [IP_Flow 19-234] Refreshing IP repositories
INFO: [IP_Flow 19-1704] No user IP repositories specified
INFO: [IP_Flow 19-2313] Loaded Vivado IP repository '/CMC/tools/xilinx/Vitis_2025.1/2025.1/Vivado/data/ip'.
INFO: [DRC 23-27] Running DRC with 8 threads
INFO: [Vivado_Tcl 2-168] The results of DRC are in file /nfs/home/b/b_orchar/Documents/COEN313/Project/Vivado/project_1/project_1.runs/impl_1/three_k_plus_one_drc_opted.rpt.
report_drc completed successfully
INFO: [Timing 38-480] Writing timing data to binary archive.
Write ShapeDB Complete: Time (s): cpu = 00:00:00 ; elapsed = 00:00:00 . Memory (MB): peak = 3148.984 ; gain = 0.000 ; free physical = 7244 ; free virtual = 19506
Wrote PlaceDB: Time (s): cpu = 00:00:00 ; elapsed = 00:00:00 . Memory (MB): peak = 3148.984 ; gain = 0.000 ; free physical = 7244 ; free virtual = 19506
Wrote PulsedLatchDB: Time (s): cpu = 00:00:00 ; elapsed = 00:00:00 . Memory (MB): peak = 3148.984 ; gain = 0.000 ; free physical = 7244 ; free virtual = 19506
Writing XDEF routing.
Writing XDEF routing logical nets.
Writing XDEF routing special nets.
Wrote RouteStorage: Time (s): cpu = 00:00:00.02 ; elapsed = 00:00:00.01 . Memory (MB): peak = 3148.984 ; gain = 0.000 ; free physical = 7243 ; free virtual = 19505
Wrote Netlist Cache: Time (s): cpu = 00:00:00 ; elapsed = 00:00:00 . Memory (MB): peak = 3148.984 ; gain = 0.000 ; free physical = 7243 ; free virtual = 19505
Wrote Device Cache: Time (s): cpu = 00:00:00.01 ; elapsed = 00:00:00 . Memory (MB): peak = 3148.984 ; gain = 0.000 ; free physical = 7242 ; free virtual = 19505
Write Physdb Complete: Time (s): cpu = 00:00:00.06 ; elapsed = 00:00:00.08 . Memory (MB): peak = 3148.984 ; gain = 0.000 ; free physical = 7242 ; free virtual = 19505
INFO: [Common 17-1381] The checkpoint '/nfs/home/b/b_orchar/Documents/COEN313/Project/Vivado/project_1/project_1.runs/impl_1/three_k_plus_one_opt.dcp' has been generated.
Command: place_design
Attempting to get a license for feature 'Implementation' and/or device 'xc7a100t'
INFO: [Common 17-349] Got license for feature 'Implementation' and/or device 'xc7a100t'
INFO: [Common 17-83] Releasing license: Implementation
INFO: [DRC 23-27] Running DRC with 8 threads
INFO: [Vivado_Tcl 4-198] DRC finished with 0 Errors
INFO: [Vivado_Tcl 4-199] Please refer to the DRC report (report_drc) for more information.
Running DRC as a precondition to command place_design
INFO: [DRC 23-27] Running DRC with 8 threads
INFO: [Vivado_Tcl 4-198] DRC finished with 0 Errors
INFO: [Vivado_Tcl 4-199] Please refer to the DRC report (report_drc) for more information.
INFO: [Place 30-611] Multithreading enabled for place_design using a maximum of 8 CPUs

Starting Placer Task

Phase 1 Placer Initialization

Phase 1.1 Placer Initialization Netlist Sorting
Netlist sorting complete. Time (s): cpu = 00:00:00 ; elapsed = 00:00:00 . Memory (MB): peak = 3177.734 ; gain = 0.000 ; free physical = 7208 ; free virtual = 19470
Phase 1.1 Placer Initialization Netlist Sorting | Checksum: 255e9c455

Time (s): cpu = 00:00:00.01 ; elapsed = 00:00:00 . Memory (MB): peak = 3177.734 ; gain = 0.000 ; free physical = 7208 ; free virtual = 19470
Netlist sorting complete. Time (s): cpu = 00:00:00 ; elapsed = 00:00:00 . Memory (MB): peak = 3177.734 ; gain = 0.000 ; free physical = 7208 ; free virtual = 19470

Phase 1.2 IO Placement/ Clock Placement/ Build Placer Device
INFO: [Timing 38-35] Done setting XDC timing constraints.
Phase 1.2 IO Placement/ Clock Placement/ Build Placer Device | Checksum: 1a5ec10dd

Time (s): cpu = 00:00:00.44 ; elapsed = 00:00:00.18 . Memory (MB): peak = 3177.734 ; gain = 0.000 ; free physical = 7207 ; free virtual = 19470

Phase 1.3 Build Placer Netlist Model
Phase 1.3 Build Placer Netlist Model | Checksum: 22894bd60

Time (s): cpu = 00:00:00.66 ; elapsed = 00:00:00.27 . Memory (MB): peak = 3209.750 ; gain = 32.016 ; free physical = 7207 ; free virtual = 19469

Phase 1.4 Constrain Clocks/Macros
Phase 1.4 Constrain Clocks/Macros | Checksum: 22894bd60

Time (s): cpu = 00:00:00.67 ; elapsed = 00:00:00.27 . Memory (MB): peak = 3209.750 ; gain = 32.016 ; free physical = 7207 ; free virtual = 19469
Phase 1 Placer Initialization | Checksum: 22894bd60

Time (s): cpu = 00:00:00.68 ; elapsed = 00:00:00.27 . Memory (MB): peak = 3209.750 ; gain = 32.016 ; free physical = 7207 ; free virtual = 19469

Phase 2 Global Placement

Phase 2.1 Floorplanning
Phase 2.1 Floorplanning | Checksum: 1cba73825

Time (s): cpu = 00:00:00.78 ; elapsed = 00:00:00.29 . Memory (MB): peak = 3209.750 ; gain = 32.016 ; free physical = 7194 ; free virtual = 19456

Phase 2.2 Update Timing before SLR Path Opt
Phase 2.2 Update Timing before SLR Path Opt | Checksum: 294518b09

Time (s): cpu = 00:00:00.86 ; elapsed = 00:00:00.3 . Memory (MB): peak = 3209.750 ; gain = 32.016 ; free physical = 7204 ; free virtual = 19466

Phase 2.3 Post-Processing in Floorplanning
Phase 2.3 Post-Processing in Floorplanning | Checksum: 294518b09

Time (s): cpu = 00:00:00.86 ; elapsed = 00:00:00.3 . Memory (MB): peak = 3209.750 ; gain = 32.016 ; free physical = 7206 ; free virtual = 19468

Phase 2.4 Global Place Phase1
Phase 2.4 Global Place Phase1 | Checksum: 1fec3f79b

Time (s): cpu = 00:00:02 ; elapsed = 00:00:00.52 . Memory (MB): peak = 3209.750 ; gain = 32.016 ; free physical = 7216 ; free virtual = 19479

Phase 2.5 Global Place Phase2

Phase 2.5.1 UpdateTiming Before Physical Synthesis
Phase 2.5.1 UpdateTiming Before Physical Synthesis | Checksum: 1fec3f79b

Time (s): cpu = 00:00:02 ; elapsed = 00:00:00.53 . Memory (MB): peak = 3209.750 ; gain = 32.016 ; free physical = 7220 ; free virtual = 19482

Phase 2.5.2 Physical Synthesis In Placer
INFO: [Physopt 32-1044] Break lutnm for timing: one critical 0, two critical 0, total 0, new lutff created 0
INFO: [Physopt 32-1138] End 1 Pass. Optimized 0 net or LUT. Breaked 0 LUT, combined 0 existing LUT and moved 0 existing LUT
INFO: [Physopt 32-65] No nets found for high-fanout optimization.
INFO: [Physopt 32-232] Optimized 0 net. Created 0 new instance.
INFO: [Physopt 32-775] End 1 Pass. Optimized 0 net or cell. Created 0 new cell, deleted 0 existing cell and moved 0 existing cell
INFO: [Physopt 32-670] No setup violation found.  DSP Register Optimization was not performed.
INFO: [Physopt 32-670] No setup violation found.  Shift Register to Pipeline Optimization was not performed.
INFO: [Physopt 32-670] No setup violation found.  Shift Register Optimization was not performed.
INFO: [Physopt 32-670] No setup violation found.  BRAM Register Optimization was not performed.
INFO: [Physopt 32-670] No setup violation found.  URAM Register Optimization was not performed.
INFO: [Physopt 32-949] No candidate nets found for dynamic/static region interface net replication
INFO: [Physopt 32-775] End 1 Pass. Optimized 0 net or cell. Created 0 new cell, deleted 0 existing cell and moved 0 existing cell
Netlist sorting complete. Time (s): cpu = 00:00:00 ; elapsed = 00:00:00 . Memory (MB): peak = 3209.750 ; gain = 0.000 ; free physical = 7217 ; free virtual = 19483

Summary of Physical Synthesis Optimizations
============================================


-----------------------------------------------------------------------------------------------------------------------------------------------------------
|  Optimization                                     |  Added Cells  |  Removed Cells  |  Optimized Cells/Nets  |  Dont Touch  |  Iterations  |  Elapsed   |
-----------------------------------------------------------------------------------------------------------------------------------------------------------
|  LUT Combining                                    |            0  |              0  |                     0  |           0  |           1  |  00:00:00  |
|  Retime                                           |            0  |              0  |                     0  |           0  |           1  |  00:00:00  |
|  Very High Fanout                                 |            0  |              0  |                     0  |           0  |           1  |  00:00:00  |
|  DSP Register                                     |            0  |              0  |                     0  |           0  |           0  |  00:00:00  |
|  Shift Register to Pipeline                       |            0  |              0  |                     0  |           0  |           0  |  00:00:00  |
|  Shift Register                                   |            0  |              0  |                     0  |           0  |           0  |  00:00:00  |
|  BRAM Register                                    |            0  |              0  |                     0  |           0  |           0  |  00:00:00  |
|  URAM Register                                    |            0  |              0  |                     0  |           0  |           0  |  00:00:00  |
|  Dynamic/Static Region Interface Net Replication  |            0  |              0  |                     0  |           0  |           1  |  00:00:00  |
|  Total                                            |            0  |              0  |                     0  |           0  |           4  |  00:00:00  |
-----------------------------------------------------------------------------------------------------------------------------------------------------------


Phase 2.5.2 Physical Synthesis In Placer | Checksum: 1fec3f79b

Time (s): cpu = 00:00:02 ; elapsed = 00:00:01 . Memory (MB): peak = 3209.750 ; gain = 32.016 ; free physical = 7217 ; free virtual = 19483
Phase 2.5 Global Place Phase2 | Checksum: 2680129a6

Time (s): cpu = 00:00:02 ; elapsed = 00:00:01 . Memory (MB): peak = 3209.750 ; gain = 32.016 ; free physical = 7217 ; free virtual = 19482
Phase 2 Global Placement | Checksum: 2680129a6

Time (s): cpu = 00:00:02 ; elapsed = 00:00:01 . Memory (MB): peak = 3209.750 ; gain = 32.016 ; free physical = 7217 ; free virtual = 19482

Phase 3 Detail Placement

Phase 3.1 Commit Multi Column Macros
Phase 3.1 Commit Multi Column Macros | Checksum: 28078523f

Time (s): cpu = 00:00:02 ; elapsed = 00:00:01 . Memory (MB): peak = 3209.750 ; gain = 32.016 ; free physical = 7217 ; free virtual = 19482

Phase 3.2 Commit Most Macros & LUTRAMs
Phase 3.2 Commit Most Macros & LUTRAMs | Checksum: 221843994

Time (s): cpu = 00:00:02 ; elapsed = 00:00:01 . Memory (MB): peak = 3209.750 ; gain = 32.016 ; free physical = 7216 ; free virtual = 19481

Phase 3.3 Area Swap Optimization
Phase 3.3 Area Swap Optimization | Checksum: 2806f2952

Time (s): cpu = 00:00:03 ; elapsed = 00:00:01 . Memory (MB): peak = 3209.750 ; gain = 32.016 ; free physical = 7216 ; free virtual = 19481

Phase 3.4 Pipeline Register Optimization
Phase 3.4 Pipeline Register Optimization | Checksum: 2806f2952

Time (s): cpu = 00:00:03 ; elapsed = 00:00:01 . Memory (MB): peak = 3209.750 ; gain = 32.016 ; free physical = 7216 ; free virtual = 19481

Phase 3.5 Small Shape Detail Placement
Phase 3.5 Small Shape Detail Placement | Checksum: 21fb28d8e

Time (s): cpu = 00:00:03 ; elapsed = 00:00:02 . Memory (MB): peak = 3209.750 ; gain = 32.016 ; free physical = 7213 ; free virtual = 19478

Phase 3.6 Re-assign LUT pins
Phase 3.6 Re-assign LUT pins | Checksum: 1db6e249a

Time (s): cpu = 00:00:03 ; elapsed = 00:00:02 . Memory (MB): peak = 3209.750 ; gain = 32.016 ; free physical = 7213 ; free virtual = 19478

Phase 3.7 Pipeline Register Optimization
Phase 3.7 Pipeline Register Optimization | Checksum: 1db6e249a

Time (s): cpu = 00:00:03 ; elapsed = 00:00:02 . Memory (MB): peak = 3209.750 ; gain = 32.016 ; free physical = 7213 ; free virtual = 19478
Phase 3 Detail Placement | Checksum: 1db6e249a

Time (s): cpu = 00:00:03 ; elapsed = 00:00:02 . Memory (MB): peak = 3209.750 ; gain = 32.016 ; free physical = 7213 ; free virtual = 19478

Phase 4 Post Placement Optimization and Clean-Up

Phase 4.1 Post Commit Optimization
INFO: [Timing 38-35] Done setting XDC timing constraints.

Phase 4.1.1 Post Placement Optimization
Post Placement Optimization Initialization | Checksum: 248b78be7

Phase 4.1.1.1 BUFG Insertion

Starting Physical Synthesis Task

Phase 1 Physical Synthesis Initialization
INFO: [Physopt 32-721] Multithreading enabled for phys_opt_design using a maximum of 8 CPUs
INFO: [Physopt 32-619] Estimated Timing Summary | WNS=6.271 | TNS=0.000 |
Phase 1 Physical Synthesis Initialization | Checksum: 19682a793

Time (s): cpu = 00:00:00.01 ; elapsed = 00:00:00.01 . Memory (MB): peak = 3209.750 ; gain = 0.000 ; free physical = 7209 ; free virtual = 19475
INFO: [Place 46-56] BUFG insertion identified 0 candidate nets. Inserted BUFG: 0, Replicated BUFG Driver: 0, Skipped due to Placement/Routing Conflicts: 0, Skipped due to Timing Degradation: 0, Skipped due to netlist editing failed: 0.
Ending Physical Synthesis Task | Checksum: 238f0bb0f

Time (s): cpu = 00:00:00.01 ; elapsed = 00:00:00.01 . Memory (MB): peak = 3209.750 ; gain = 0.000 ; free physical = 7209 ; free virtual = 19475
Phase 4.1.1.1 BUFG Insertion | Checksum: 248b78be7

Time (s): cpu = 00:00:03 ; elapsed = 00:00:02 . Memory (MB): peak = 3209.750 ; gain = 32.016 ; free physical = 7209 ; free virtual = 19475

Phase 4.1.1.2 Post Placement Timing Optimization
INFO: [Place 30-746] Post Placement Timing Summary WNS=6.271. For the most accurate timing information please run report_timing.
Phase 4.1.1.2 Post Placement Timing Optimization | Checksum: 2390ef6aa

Time (s): cpu = 00:00:03 ; elapsed = 00:00:02 . Memory (MB): peak = 3209.750 ; gain = 32.016 ; free physical = 7209 ; free virtual = 19475

Time (s): cpu = 00:00:03 ; elapsed = 00:00:02 . Memory (MB): peak = 3209.750 ; gain = 32.016 ; free physical = 7209 ; free virtual = 19475
Phase 4.1 Post Commit Optimization | Checksum: 2390ef6aa

Time (s): cpu = 00:00:03 ; elapsed = 00:00:02 . Memory (MB): peak = 3209.750 ; gain = 32.016 ; free physical = 7209 ; free virtual = 19475

Phase 4.2 Post Placement Cleanup
Phase 4.2 Post Placement Cleanup | Checksum: 2390ef6aa

Time (s): cpu = 00:00:03 ; elapsed = 00:00:02 . Memory (MB): peak = 3209.750 ; gain = 32.016 ; free physical = 7209 ; free virtual = 19475

Phase 4.3 Placer Reporting

Phase 4.3.1 Print Estimated Congestion
INFO: [Place 30-612] Post-Placement Estimated Congestion 
 ____________________________________________________
|           | Global Congestion | Short Congestion  |
| Direction | Region Size       | Region Size       |
|___________|___________________|___________________|
|      North|                1x1|                1x1|
|___________|___________________|___________________|
|      South|                1x1|                1x1|
|___________|___________________|___________________|
|       East|                1x1|                1x1|
|___________|___________________|___________________|
|       West|                1x1|                1x1|
|___________|___________________|___________________|

Phase 4.3.1 Print Estimated Congestion | Checksum: 2390ef6aa

Time (s): cpu = 00:00:03 ; elapsed = 00:00:02 . Memory (MB): peak = 3209.750 ; gain = 32.016 ; free physical = 7209 ; free virtual = 19475
Phase 4.3 Placer Reporting | Checksum: 2390ef6aa

Time (s): cpu = 00:00:03 ; elapsed = 00:00:02 . Memory (MB): peak = 3209.750 ; gain = 32.016 ; free physical = 7209 ; free virtual = 19475

Phase 4.4 Final Placement Cleanup
Netlist sorting complete. Time (s): cpu = 00:00:00 ; elapsed = 00:00:00 . Memory (MB): peak = 3209.750 ; gain = 0.000 ; free physical = 7209 ; free virtual = 19475

Time (s): cpu = 00:00:03 ; elapsed = 00:00:02 . Memory (MB): peak = 3209.750 ; gain = 32.016 ; free physical = 7209 ; free virtual = 19475
Phase 4 Post Placement Optimization and Clean-Up | Checksum: 2c6ea6c88

Time (s): cpu = 00:00:03 ; elapsed = 00:00:02 . Memory (MB): peak = 3209.750 ; gain = 32.016 ; free physical = 7209 ; free virtual = 19475
Ending Placer Task | Checksum: 213418bbb

Time (s): cpu = 00:00:03 ; elapsed = 00:00:02 . Memory (MB): peak = 3209.750 ; gain = 32.016 ; free physical = 7209 ; free virtual = 19475
63 Infos, 0 Warnings, 0 Critical Warnings and 0 Errors encountered.
place_design completed successfully
INFO: [Vivado 12-24838] Running report commands "report_control_sets, report_io, report_utilization" in parallel.
Running report generation with 3 threads.
INFO: [Vivado 12-24828] Executing command : report_control_sets -verbose -file three_k_plus_one_control_sets_placed.rpt
report_control_sets: Time (s): cpu = 00:00:00 ; elapsed = 00:00:00 . Memory (MB): peak = 3209.750 ; gain = 0.000 ; free physical = 7209 ; free virtual = 19475
INFO: [Vivado 12-24828] Executing command : report_utilization -file three_k_plus_one_utilization_placed.rpt -pb three_k_plus_one_utilization_placed.pb
INFO: [Vivado 12-24828] Executing command : report_io -file three_k_plus_one_io_placed.rpt
report_io: Time (s): cpu = 00:00:00.08 ; elapsed = 00:00:00.06 . Memory (MB): peak = 3209.750 ; gain = 0.000 ; free physical = 7209 ; free virtual = 19475
INFO: [Timing 38-480] Writing timing data to binary archive.
Write ShapeDB Complete: Time (s): cpu = 00:00:00 ; elapsed = 00:00:00 . Memory (MB): peak = 3209.750 ; gain = 0.000 ; free physical = 7209 ; free virtual = 19475
Wrote PlaceDB: Time (s): cpu = 00:00:00 ; elapsed = 00:00:00 . Memory (MB): peak = 3209.750 ; gain = 0.000 ; free physical = 7209 ; free virtual = 19475
Wrote PulsedLatchDB: Time (s): cpu = 00:00:00 ; elapsed = 00:00:00 . Memory (MB): peak = 3209.750 ; gain = 0.000 ; free physical = 7209 ; free virtual = 19475
Writing XDEF routing.
Writing XDEF routing logical nets.
Writing XDEF routing special nets.
Wrote RouteStorage: Time (s): cpu = 00:00:00.02 ; elapsed = 00:00:00.01 . Memory (MB): peak = 3209.750 ; gain = 0.000 ; free physical = 7209 ; free virtual = 19475
Wrote Netlist Cache: Time (s): cpu = 00:00:00 ; elapsed = 00:00:00 . Memory (MB): peak = 3209.750 ; gain = 0.000 ; free physical = 7209 ; free virtual = 19474
Wrote Device Cache: Time (s): cpu = 00:00:00.01 ; elapsed = 00:00:00 . Memory (MB): peak = 3209.750 ; gain = 0.000 ; free physical = 7208 ; free virtual = 19474
Write Physdb Complete: Time (s): cpu = 00:00:00.07 ; elapsed = 00:00:00.09 . Memory (MB): peak = 3209.750 ; gain = 0.000 ; free physical = 7208 ; free virtual = 19474
INFO: [Common 17-1381] The checkpoint '/nfs/home/b/b_orchar/Documents/COEN313/Project/Vivado/project_1/project_1.runs/impl_1/three_k_plus_one_placed.dcp' has been generated.
Command: phys_opt_design
Attempting to get a license for feature 'Implementation' and/or device 'xc7a100t'
INFO: [Common 17-349] Got license for feature 'Implementation' and/or device 'xc7a100t'

Starting Initial Update Timing Task

Time (s): cpu = 00:00:00.02 ; elapsed = 00:00:00.01 . Memory (MB): peak = 3209.750 ; gain = 0.000 ; free physical = 7207 ; free virtual = 19473
INFO: [Vivado_Tcl 4-2279] Estimated Timing Summary | WNS= 6.271 | TNS= 0.000 | 
INFO: [Vivado_Tcl 4-383] Design worst setup slack (WNS) is greater than or equal to 0.000 ns. All physical synthesis setup optimizations will be skipped.
INFO: [Vivado_Tcl 4-232] No setup violation found. The netlist was not modified.
INFO: [Common 17-83] Releasing license: Implementation
74 Infos, 0 Warnings, 0 Critical Warnings and 0 Errors encountered.
phys_opt_design completed successfully
INFO: [Timing 38-480] Writing timing data to binary archive.
Write ShapeDB Complete: Time (s): cpu = 00:00:00 ; elapsed = 00:00:00 . Memory (MB): peak = 3209.750 ; gain = 0.000 ; free physical = 7207 ; free virtual = 19473
Wrote PlaceDB: Time (s): cpu = 00:00:00 ; elapsed = 00:00:00 . Memory (MB): peak = 3209.750 ; gain = 0.000 ; free physical = 7207 ; free virtual = 19473
Wrote PulsedLatchDB: Time (s): cpu = 00:00:00 ; elapsed = 00:00:00 . Memory (MB): peak = 3209.750 ; gain = 0.000 ; free physical = 7207 ; free virtual = 19473
Writing XDEF routing.
Writing XDEF routing logical nets.
Writing XDEF routing special nets.
Wrote RouteStorage: Time (s): cpu = 00:00:00.02 ; elapsed = 00:00:00.01 . Memory (MB): peak = 3209.750 ; gain = 0.000 ; free physical = 7207 ; free virtual = 19473
Wrote Netlist Cache: Time (s): cpu = 00:00:00 ; elapsed = 00:00:00 . Memory (MB): peak = 3209.750 ; gain = 0.000 ; free physical = 7207 ; free virtual = 19473
Wrote Device Cache: Time (s): cpu = 00:00:00 ; elapsed = 00:00:00.01 . Memory (MB): peak = 3209.750 ; gain = 0.000 ; free physical = 7206 ; free virtual = 19473
Write Physdb Complete: Time (s): cpu = 00:00:00.06 ; elapsed = 00:00:00.09 . Memory (MB): peak = 3209.750 ; gain = 0.000 ; free physical = 7206 ; free virtual = 19472
INFO: [Common 17-1381] The checkpoint '/nfs/home/b/b_orchar/Documents/COEN313/Project/Vivado/project_1/project_1.runs/impl_1/three_k_plus_one_physopt.dcp' has been generated.
Command: route_design
Attempting to get a license for feature 'Implementation' and/or device 'xc7a100t'
INFO: [Common 17-349] Got license for feature 'Implementation' and/or device 'xc7a100t'


Starting Routing Task
INFO: [Route 35-254] Multithreading enabled for route_design using a maximum of 8 CPUs

Phase 1 Build RT Design
Checksum: PlaceDB: b3ed29f0 ConstDB: 0 ShapeSum: ad820235 RouteDB: b1d25f96
Post Restoration Checksum: NetGraph: 4eb83fbe | NumContArr: 3dcc08c | Constraints: c2a8fa9d | Timing: c2a8fa9d
Phase 1 Build RT Design | Checksum: 1d7e6f584

Time (s): cpu = 00:00:18 ; elapsed = 00:00:16 . Memory (MB): peak = 3325.668 ; gain = 115.918 ; free physical = 7058 ; free virtual = 19325

Phase 2 Router Initialization

Phase 2.1 Fix Topology Constraints
Phase 2.1 Fix Topology Constraints | Checksum: 1d7e6f584

Time (s): cpu = 00:00:18 ; elapsed = 00:00:16 . Memory (MB): peak = 3325.668 ; gain = 115.918 ; free physical = 7058 ; free virtual = 19325

Phase 2.2 Pre Route Cleanup
Phase 2.2 Pre Route Cleanup | Checksum: 1d7e6f584

Time (s): cpu = 00:00:18 ; elapsed = 00:00:16 . Memory (MB): peak = 3325.668 ; gain = 115.918 ; free physical = 7058 ; free virtual = 19325
 Number of Nodes with overlaps = 0

Phase 2.3 Update Timing
Phase 2.3 Update Timing | Checksum: 20a59418f

Time (s): cpu = 00:00:19 ; elapsed = 00:00:16 . Memory (MB): peak = 3356.871 ; gain = 147.121 ; free physical = 7026 ; free virtual = 19292
INFO: [Route 35-416] Intermediate Timing Summary | WNS=6.232  | TNS=0.000  | WHS=-0.097 | THS=-0.587 |


Phase 2.4 Soft Constraint Pins - Fast Budgeting
Phase 2.4 Soft Constraint Pins - Fast Budgeting | Checksum: 19bd4c4ee

Time (s): cpu = 00:00:19 ; elapsed = 00:00:16 . Memory (MB): peak = 3372.871 ; gain = 163.121 ; free physical = 7026 ; free virtual = 19292

Router Utilization Summary
  Global Vertical Routing Utilization    = 0 %
  Global Horizontal Routing Utilization  = 0 %
  Routable Net Status*
  *Does not include unroutable nets such as driverless and loadless.
  Run report_route_status for detailed report.
  Number of Failed Nets               = 77
    (Failed Nets is the sum of unrouted and partially routed nets)
  Number of Unrouted Nets             = 77
  Number of Partially Routed Nets     = 0
  Number of Node Overlaps             = 0

Phase 2 Router Initialization | Checksum: 19bd4c4ee

Time (s): cpu = 00:00:19 ; elapsed = 00:00:16 . Memory (MB): peak = 3372.871 ; gain = 163.121 ; free physical = 7020 ; free virtual = 19286

Phase 3 Global Routing
Phase 3 Global Routing | Checksum: 19bd4c4ee

Time (s): cpu = 00:00:19 ; elapsed = 00:00:16 . Memory (MB): peak = 3372.871 ; gain = 163.121 ; free physical = 7020 ; free virtual = 19286

Phase 4 Initial Routing

Phase 4.1 Initial Net Routing Pass
Phase 4.1 Initial Net Routing Pass | Checksum: 25da28b9e

Time (s): cpu = 00:00:19 ; elapsed = 00:00:16 . Memory (MB): peak = 3372.871 ; gain = 163.121 ; free physical = 7020 ; free virtual = 19286
Phase 4 Initial Routing | Checksum: 25da28b9e

Time (s): cpu = 00:00:19 ; elapsed = 00:00:16 . Memory (MB): peak = 3372.871 ; gain = 163.121 ; free physical = 7020 ; free virtual = 19286

Phase 5 Rip-up And Reroute

Phase 5.1 Global Iteration 0
 Number of Nodes with overlaps = 4
 Number of Nodes with overlaps = 0
INFO: [Route 35-416] Intermediate Timing Summary | WNS=5.544  | TNS=0.000  | WHS=N/A    | THS=N/A    |

Phase 5.1 Global Iteration 0 | Checksum: 23d4d0638

Time (s): cpu = 00:00:19 ; elapsed = 00:00:16 . Memory (MB): peak = 3372.871 ; gain = 163.121 ; free physical = 7019 ; free virtual = 19286
Phase 5 Rip-up And Reroute | Checksum: 23d4d0638

Time (s): cpu = 00:00:19 ; elapsed = 00:00:16 . Memory (MB): peak = 3372.871 ; gain = 163.121 ; free physical = 7019 ; free virtual = 19286

Phase 6 Delay and Skew Optimization

Phase 6.1 Delay CleanUp
Phase 6.1 Delay CleanUp | Checksum: 23d4d0638

Time (s): cpu = 00:00:19 ; elapsed = 00:00:16 . Memory (MB): peak = 3372.871 ; gain = 163.121 ; free physical = 7019 ; free virtual = 19286

Phase 6.2 Clock Skew Optimization
Phase 6.2 Clock Skew Optimization | Checksum: 23d4d0638

Time (s): cpu = 00:00:19 ; elapsed = 00:00:16 . Memory (MB): peak = 3372.871 ; gain = 163.121 ; free physical = 7019 ; free virtual = 19286
Phase 6 Delay and Skew Optimization | Checksum: 23d4d0638

Time (s): cpu = 00:00:19 ; elapsed = 00:00:16 . Memory (MB): peak = 3372.871 ; gain = 163.121 ; free physical = 7019 ; free virtual = 19286

Phase 7 Post Hold Fix

Phase 7.1 Hold Fix Iter
INFO: [Route 35-416] Intermediate Timing Summary | WNS=5.639  | TNS=0.000  | WHS=0.237  | THS=0.000  |

Phase 7.1 Hold Fix Iter | Checksum: 2bb9acdad

Time (s): cpu = 00:00:19 ; elapsed = 00:00:16 . Memory (MB): peak = 3372.871 ; gain = 163.121 ; free physical = 7019 ; free virtual = 19286
Phase 7 Post Hold Fix | Checksum: 2bb9acdad

Time (s): cpu = 00:00:19 ; elapsed = 00:00:16 . Memory (MB): peak = 3372.871 ; gain = 163.121 ; free physical = 7019 ; free virtual = 19286

Phase 8 Route finalize

Router Utilization Summary
  Global Vertical Routing Utilization    = 0.0151456 %
  Global Horizontal Routing Utilization  = 0.00774368 %
  Routable Net Status*
  *Does not include unroutable nets such as driverless and loadless.
  Run report_route_status for detailed report.
  Number of Failed Nets               = 0
    (Failed Nets is the sum of unrouted and partially routed nets)
  Number of Unrouted Nets             = 0
  Number of Partially Routed Nets     = 0
  Number of Node Overlaps             = 0

Phase 8 Route finalize | Checksum: 2bb9acdad

Time (s): cpu = 00:00:19 ; elapsed = 00:00:16 . Memory (MB): peak = 3372.871 ; gain = 163.121 ; free physical = 7019 ; free virtual = 19286

Phase 9 Verifying routed nets

 Verification completed successfully
Phase 9 Verifying routed nets | Checksum: 2bb9acdad

Time (s): cpu = 00:00:19 ; elapsed = 00:00:16 . Memory (MB): peak = 3372.871 ; gain = 163.121 ; free physical = 7019 ; free virtual = 19286

Phase 10 Depositing Routes
Phase 10 Depositing Routes | Checksum: 2bd800832

Time (s): cpu = 00:00:19 ; elapsed = 00:00:16 . Memory (MB): peak = 3372.871 ; gain = 163.121 ; free physical = 7019 ; free virtual = 19286

Phase 11 Post Process Routing
Phase 11 Post Process Routing | Checksum: 2bd800832

Time (s): cpu = 00:00:19 ; elapsed = 00:00:16 . Memory (MB): peak = 3372.871 ; gain = 163.121 ; free physical = 7019 ; free virtual = 19286

Phase 12 Post Router Timing
INFO: [Route 35-57] Estimated Timing Summary | WNS=5.639  | TNS=0.000  | WHS=0.237  | THS=0.000  |

INFO: [Route 35-327] The final timing numbers are based on the router estimated timing analysis. For a complete and accurate timing signoff, please run report_timing_summary.
Phase 12 Post Router Timing | Checksum: 2bd800832

Time (s): cpu = 00:00:19 ; elapsed = 00:00:16 . Memory (MB): peak = 3372.871 ; gain = 163.121 ; free physical = 7019 ; free virtual = 19286
Total Elapsed time in route_design: 16.41 secs

Phase 13 Post-Route Event Processing
Phase 13 Post-Route Event Processing | Checksum: 1e074dd91

Time (s): cpu = 00:00:19 ; elapsed = 00:00:16 . Memory (MB): peak = 3372.871 ; gain = 163.121 ; free physical = 7019 ; free virtual = 19286
INFO: [Route 35-16] Router Completed Successfully
Ending Routing Task | Checksum: 1e074dd91

Time (s): cpu = 00:00:19 ; elapsed = 00:00:16 . Memory (MB): peak = 3372.871 ; gain = 163.121 ; free physical = 7019 ; free virtual = 19286

Routing Is Done.
INFO: [Common 17-83] Releasing license: Implementation
85 Infos, 0 Warnings, 0 Critical Warnings and 0 Errors encountered.
route_design completed successfully
route_design: Time (s): cpu = 00:00:19 ; elapsed = 00:00:17 . Memory (MB): peak = 3372.871 ; gain = 163.121 ; free physical = 7019 ; free virtual = 19286
INFO: [Vivado 12-24828] Executing command : report_drc -file three_k_plus_one_drc_routed.rpt -pb three_k_plus_one_drc_routed.pb -rpx three_k_plus_one_drc_routed.rpx
Command: report_drc -file three_k_plus_one_drc_routed.rpt -pb three_k_plus_one_drc_routed.pb -rpx three_k_plus_one_drc_routed.rpx
INFO: [IP_Flow 19-1839] IP Catalog is up to date.
INFO: [DRC 23-27] Running DRC with 8 threads
INFO: [Vivado_Tcl 2-168] The results of DRC are in file /nfs/home/b/b_orchar/Documents/COEN313/Project/Vivado/project_1/project_1.runs/impl_1/three_k_plus_one_drc_routed.rpt.
report_drc completed successfully
INFO: [Vivado 12-24828] Executing command : report_methodology -file three_k_plus_one_methodology_drc_routed.rpt -pb three_k_plus_one_methodology_drc_routed.pb -rpx three_k_plus_one_methodology_drc_routed.rpx
Command: report_methodology -file three_k_plus_one_methodology_drc_routed.rpt -pb three_k_plus_one_methodology_drc_routed.pb -rpx three_k_plus_one_methodology_drc_routed.rpx
INFO: [Timing 38-35] Done setting XDC timing constraints.
INFO: [DRC 23-133] Running Methodology with 8 threads
INFO: [Vivado_Tcl 2-1520] The results of Report Methodology are in file /nfs/home/b/b_orchar/Documents/COEN313/Project/Vivado/project_1/project_1.runs/impl_1/three_k_plus_one_methodology_drc_routed.rpt.
report_methodology completed successfully
INFO: [Vivado 12-24828] Executing command : report_timing_summary -max_paths 10 -routable_nets -report_unconstrained -file three_k_plus_one_timing_summary_routed.rpt -pb three_k_plus_one_timing_summary_routed.pb -rpx three_k_plus_one_timing_summary_routed.rpx -warn_on_violation 
INFO: [Timing 38-35] Done setting XDC timing constraints.
INFO: [Timing 38-91] UpdateTimingParams: Speed grade: -1, Delay Type: min_max.
INFO: [Timing 38-191] Multithreading enabled for timing update using a maximum of 8 CPUs
INFO: [Vivado 12-24838] Running report commands "report_bus_skew, report_incremental_reuse, report_route_status" in parallel.
Running report generation with 3 threads.
INFO: [Vivado 12-24828] Executing command : report_incremental_reuse -file three_k_plus_one_incremental_reuse_routed.rpt
INFO: [Vivado_Tcl 4-1062] Incremental flow is disabled. No incremental reuse Info to report.
INFO: [Vivado 12-24828] Executing command : report_route_status -file three_k_plus_one_route_status.rpt -pb three_k_plus_one_route_status.pb
INFO: [Vivado 12-24828] Executing command : report_bus_skew -warn_on_violation -file three_k_plus_one_bus_skew_routed.rpt -pb three_k_plus_one_bus_skew_routed.pb -rpx three_k_plus_one_bus_skew_routed.rpx
INFO: [Timing 38-91] UpdateTimingParams: Speed grade: -1, Delay Type: min_max.
INFO: [Timing 38-191] Multithreading enabled for timing update using a maximum of 8 CPUs
INFO: [Vivado 12-24828] Executing command : report_power -file three_k_plus_one_power_routed.rpt -pb three_k_plus_one_power_summary_routed.pb -rpx three_k_plus_one_power_routed.rpx
Command: report_power -file three_k_plus_one_power_routed.rpt -pb three_k_plus_one_power_summary_routed.pb -rpx three_k_plus_one_power_routed.rpx
Running Vector-less Activity Propagation...

Finished Running Vector-less Activity Propagation
105 Infos, 0 Warnings, 0 Critical Warnings and 0 Errors encountered.
report_power completed successfully
INFO: [Vivado 12-24828] Executing command : report_clock_utilization -file three_k_plus_one_clock_utilization_routed.rpt
INFO: [Timing 38-480] Writing timing data to binary archive.
Write ShapeDB Complete: Time (s): cpu = 00:00:00 ; elapsed = 00:00:00 . Memory (MB): peak = 3486.332 ; gain = 0.000 ; free physical = 6925 ; free virtual = 19192
Wrote PlaceDB: Time (s): cpu = 00:00:00 ; elapsed = 00:00:00 . Memory (MB): peak = 3486.332 ; gain = 0.000 ; free physical = 6925 ; free virtual = 19192
Wrote PulsedLatchDB: Time (s): cpu = 00:00:00 ; elapsed = 00:00:00 . Memory (MB): peak = 3486.332 ; gain = 0.000 ; free physical = 6925 ; free virtual = 19192
Writing XDEF routing.
Writing XDEF routing logical nets.
Writing XDEF routing special nets.
Wrote RouteStorage: Time (s): cpu = 00:00:00.02 ; elapsed = 00:00:00.01 . Memory (MB): peak = 3486.332 ; gain = 0.000 ; free physical = 6925 ; free virtual = 19192
Wrote Netlist Cache: Time (s): cpu = 00:00:00 ; elapsed = 00:00:00 . Memory (MB): peak = 3486.332 ; gain = 0.000 ; free physical = 6925 ; free virtual = 19192
Wrote Device Cache: Time (s): cpu = 00:00:00.01 ; elapsed = 00:00:00.01 . Memory (MB): peak = 3486.332 ; gain = 0.000 ; free physical = 6924 ; free virtual = 19192
Write Physdb Complete: Time (s): cpu = 00:00:00.07 ; elapsed = 00:00:00.08 . Memory (MB): peak = 3486.332 ; gain = 0.000 ; free physical = 6923 ; free virtual = 19191
INFO: [Common 17-1381] The checkpoint '/nfs/home/b/b_orchar/Documents/COEN313/Project/Vivado/project_1/project_1.runs/impl_1/three_k_plus_one_routed.dcp' has been generated.
Command: write_bitstream -force three_k_plus_one.bit
Attempting to get a license for feature 'Implementation' and/or device 'xc7a100t'
INFO: [Common 17-349] Got license for feature 'Implementation' and/or device 'xc7a100t'
Running DRC as a precondition to command write_bitstream
INFO: [IP_Flow 19-1839] IP Catalog is up to date.
INFO: [DRC 23-27] Running DRC with 8 threads
INFO: [Vivado 12-3199] DRC finished with 0 Errors
INFO: [Vivado 12-3200] Please refer to the DRC report (report_drc) for more information.
INFO: [Designutils 20-2272] Running write_bitstream with 8 threads.
Loading data files...
Loading site data...
Loading route data...
Processing options...
Creating bitmap...
Creating bitstream...
Writing bitstream ./three_k_plus_one.bit...
INFO: [Vivado 12-1842] Bitgen Completed Successfully.
INFO: [Common 17-83] Releasing license: Implementation
116 Infos, 0 Warnings, 0 Critical Warnings and 0 Errors encountered.
write_bitstream completed successfully
write_bitstream: Time (s): cpu = 00:00:08 ; elapsed = 00:00:05 . Memory (MB): peak = 3756.191 ; gain = 269.859 ; free physical = 6598 ; free virtual = 18869
INFO: [Common 17-206] Exiting Vivado at Fri Jun 26 16:57:22 2026...
