
*** Running vivado
    with args -log three_k_plus_one.vdi -applog -m64 -product Vivado -messageDb vivado.pb -mode batch -source three_k_plus_one.tcl -notrace


****** Vivado v2025.1 (64-bit)
  **** SW Build 6140274 on Wed May 21 22:58:25 MDT 2025
  **** IP Build 6138677 on Thu May 22 03:10:11 MDT 2025
  **** SharedData Build 6139179 on Tue May 20 17:58:58 MDT 2025
  **** Start of session at: Fri Jun 26 18:47:00 2026
    ** Copyright 1986-2022 Xilinx, Inc. All Rights Reserved.
    ** Copyright 2022-2025 Advanced Micro Devices, Inc. All Rights Reserved.

source three_k_plus_one.tcl -notrace
Command: link_design -top three_k_plus_one -part xc7a100tcsg324-1
Design is defaulting to srcset: sources_1
Design is defaulting to constrset: constrs_1
INFO: [Device 21-403] Loading part xc7a100tcsg324-1
Netlist sorting complete. Time (s): cpu = 00:00:00 ; elapsed = 00:00:00 . Memory (MB): peak = 2012.184 ; gain = 0.000 ; free physical = 8203 ; free virtual = 20484
INFO: [Netlist 29-17] Analyzing 7 Unisim elements for replacement
INFO: [Netlist 29-28] Unisim Transformation completed in 0 CPU seconds
INFO: [Project 1-479] Netlist was created with Vivado 2025.1
INFO: [Project 1-570] Preparing netlist for logic optimization
Parsing XDC File [/nfs/home/b/b_orchar/Documents/COEN313/Project/Modelsim/Code/3k.xdc]
Finished Parsing XDC File [/nfs/home/b/b_orchar/Documents/COEN313/Project/Modelsim/Code/3k.xdc]
INFO: [Opt 31-138] Pushed 0 inverter(s) to 0 load pin(s).
Netlist sorting complete. Time (s): cpu = 00:00:00 ; elapsed = 00:00:00 . Memory (MB): peak = 2199.695 ; gain = 0.000 ; free physical = 8103 ; free virtual = 20384
INFO: [Project 1-111] Unisim Transformation Summary:
No Unisim elements were transformed.

7 Infos, 0 Warnings, 0 Critical Warnings and 0 Errors encountered.
link_design completed successfully
link_design: Time (s): cpu = 00:00:03 ; elapsed = 00:00:07 . Memory (MB): peak = 2205.668 ; gain = 366.477 ; free physical = 8094 ; free virtual = 20375
Command: opt_design
Attempting to get a license for feature 'Implementation' and/or device 'xc7a100t'
INFO: [Common 17-349] Got license for feature 'Implementation' and/or device 'xc7a100t'
Running DRC as a precondition to command opt_design

Starting DRC Task
INFO: [DRC 23-27] Running DRC with 8 threads
INFO: [Project 1-461] DRC finished with 0 Errors
INFO: [Project 1-462] Please refer to the DRC report (report_drc) for more information.

Time (s): cpu = 00:00:02 ; elapsed = 00:00:00.61 . Memory (MB): peak = 2312.695 ; gain = 107.027 ; free physical = 7994 ; free virtual = 20275

Starting Cache Timing Information Task
INFO: [Timing 38-35] Done setting XDC timing constraints.
Ending Cache Timing Information Task | Checksum: 285104ee3

Time (s): cpu = 00:00:04 ; elapsed = 00:00:04 . Memory (MB): peak = 2731.648 ; gain = 418.953 ; free physical = 7602 ; free virtual = 19883

Starting Logic Optimization Task

Phase 1 Initialization

Phase 1.1 Core Generation And Design Setup
Phase 1.1 Core Generation And Design Setup | Checksum: 285104ee3

Time (s): cpu = 00:00:00 ; elapsed = 00:00:00 . Memory (MB): peak = 3084.570 ; gain = 0.000 ; free physical = 7260 ; free virtual = 19541

Phase 1.2 Setup Constraints And Sort Netlist
Phase 1.2 Setup Constraints And Sort Netlist | Checksum: 285104ee3

Time (s): cpu = 00:00:00 ; elapsed = 00:00:00 . Memory (MB): peak = 3084.570 ; gain = 0.000 ; free physical = 7260 ; free virtual = 19541
Phase 1 Initialization | Checksum: 285104ee3

Time (s): cpu = 00:00:00 ; elapsed = 00:00:00 . Memory (MB): peak = 3084.570 ; gain = 0.000 ; free physical = 7260 ; free virtual = 19541

Phase 2 Timer Update And Timing Data Collection

Phase 2.1 Timer Update
Phase 2.1 Timer Update | Checksum: 285104ee3

Time (s): cpu = 00:00:00.01 ; elapsed = 00:00:00 . Memory (MB): peak = 3084.570 ; gain = 0.000 ; free physical = 7260 ; free virtual = 19541

Phase 2.2 Timing Data Collection
Phase 2.2 Timing Data Collection | Checksum: 285104ee3

Time (s): cpu = 00:00:00.01 ; elapsed = 00:00:00.01 . Memory (MB): peak = 3084.570 ; gain = 0.000 ; free physical = 7260 ; free virtual = 19541
Phase 2 Timer Update And Timing Data Collection | Checksum: 285104ee3

Time (s): cpu = 00:00:00.01 ; elapsed = 00:00:00.01 . Memory (MB): peak = 3084.570 ; gain = 0.000 ; free physical = 7260 ; free virtual = 19541

Phase 3 Retarget
INFO: [Opt 31-1851] Number of loadless carry chains removed were: 0
INFO: [Opt 31-1834] Total Chains To Be Transformed Were: 0 AND Number of Transformed insts Created are: 0
INFO: [Opt 31-138] Pushed 0 inverter(s) to 0 load pin(s).
INFO: [Opt 31-49] Retargeted 0 cell(s).
Phase 3 Retarget | Checksum: 285104ee3

Time (s): cpu = 00:00:00.02 ; elapsed = 00:00:00.02 . Memory (MB): peak = 3084.570 ; gain = 0.000 ; free physical = 7260 ; free virtual = 19541
Retarget | Checksum: 285104ee3
INFO: [Opt 31-389] Phase Retarget created 0 cells and removed 0 cells

Phase 4 Constant propagation
INFO: [Opt 31-138] Pushed 0 inverter(s) to 0 load pin(s).
Phase 4 Constant propagation | Checksum: 285104ee3

Time (s): cpu = 00:00:00.02 ; elapsed = 00:00:00.02 . Memory (MB): peak = 3084.570 ; gain = 0.000 ; free physical = 7260 ; free virtual = 19541
Constant propagation | Checksum: 285104ee3
INFO: [Opt 31-389] Phase Constant propagation created 0 cells and removed 0 cells

Phase 5 Sweep
INFO: [Constraints 18-11670] Building netlist checker database with flags, 0x8
Done building netlist checker database: Time (s): cpu = 00:00:00 ; elapsed = 00:00:00 . Memory (MB): peak = 3084.570 ; gain = 0.000 ; free physical = 7260 ; free virtual = 19541
Phase 5 Sweep | Checksum: 2983dd40e

Time (s): cpu = 00:00:00.02 ; elapsed = 00:00:00.02 . Memory (MB): peak = 3084.570 ; gain = 0.000 ; free physical = 7260 ; free virtual = 19541
Sweep | Checksum: 2983dd40e
INFO: [Opt 31-389] Phase Sweep created 0 cells and removed 0 cells

Phase 6 BUFG optimization
Phase 6 BUFG optimization | Checksum: 2983dd40e

Time (s): cpu = 00:00:00.02 ; elapsed = 00:00:00.03 . Memory (MB): peak = 3116.586 ; gain = 32.016 ; free physical = 7260 ; free virtual = 19541
BUFG optimization | Checksum: 2983dd40e
INFO: [Opt 31-662] Phase BUFG optimization created 0 cells of which 0 are BUFGs and removed 0 cells.

Phase 7 Shift Register Optimization
INFO: [Opt 31-1064] SRL Remap converted 0 SRLs to 0 registers and converted 0 registers of register chains to 0 SRLs
Phase 7 Shift Register Optimization | Checksum: 2983dd40e

Time (s): cpu = 00:00:00.02 ; elapsed = 00:00:00.03 . Memory (MB): peak = 3116.586 ; gain = 32.016 ; free physical = 7260 ; free virtual = 19541
Shift Register Optimization | Checksum: 2983dd40e
INFO: [Opt 31-389] Phase Shift Register Optimization created 0 cells and removed 0 cells

Phase 8 Post Processing Netlist
Phase 8 Post Processing Netlist | Checksum: 2983dd40e

Time (s): cpu = 00:00:00.03 ; elapsed = 00:00:00.03 . Memory (MB): peak = 3116.586 ; gain = 32.016 ; free physical = 7260 ; free virtual = 19541
Post Processing Netlist | Checksum: 2983dd40e
INFO: [Opt 31-389] Phase Post Processing Netlist created 0 cells and removed 0 cells

Phase 9 Finalization

Phase 9.1 Finalizing Design Cores and Updating Shapes
Phase 9.1 Finalizing Design Cores and Updating Shapes | Checksum: 24d4c81d7

Time (s): cpu = 00:00:00.03 ; elapsed = 00:00:00.03 . Memory (MB): peak = 3116.586 ; gain = 32.016 ; free physical = 7260 ; free virtual = 19541

Phase 9.2 Verifying Netlist Connectivity

Starting Connectivity Check Task

Time (s): cpu = 00:00:00 ; elapsed = 00:00:00.01 . Memory (MB): peak = 3116.586 ; gain = 0.000 ; free physical = 7260 ; free virtual = 19541
Phase 9.2 Verifying Netlist Connectivity | Checksum: 24d4c81d7

Time (s): cpu = 00:00:00.03 ; elapsed = 00:00:00.04 . Memory (MB): peak = 3116.586 ; gain = 32.016 ; free physical = 7260 ; free virtual = 19541
Phase 9 Finalization | Checksum: 24d4c81d7

Time (s): cpu = 00:00:00.03 ; elapsed = 00:00:00.04 . Memory (MB): peak = 3116.586 ; gain = 32.016 ; free physical = 7260 ; free virtual = 19541
Opt_design Change Summary
=========================


-------------------------------------------------------------------------------------------------------------------------
|  Phase                        |  #Cells created  |  #Cells Removed  |  #Constrained objects preventing optimizations  |
-------------------------------------------------------------------------------------------------------------------------
|  Retarget                     |               0  |               0  |                                              0  |
|  Constant propagation         |               0  |               0  |                                              0  |
|  Sweep                        |               0  |               0  |                                              0  |
|  BUFG optimization            |               0  |               0  |                                              0  |
|  Shift Register Optimization  |               0  |               0  |                                              0  |
|  Post Processing Netlist      |               0  |               0  |                                              0  |
-------------------------------------------------------------------------------------------------------------------------


Ending Logic Optimization Task | Checksum: 24d4c81d7

Time (s): cpu = 00:00:00.03 ; elapsed = 00:00:00.04 . Memory (MB): peak = 3116.586 ; gain = 32.016 ; free physical = 7260 ; free virtual = 19541

Starting Power Optimization Task
INFO: [Pwropt 34-132] Skipping clock gating for clocks with a period < 2.00 ns.
Ending Power Optimization Task | Checksum: 24d4c81d7

Time (s): cpu = 00:00:00.01 ; elapsed = 00:00:00 . Memory (MB): peak = 3116.586 ; gain = 0.000 ; free physical = 7260 ; free virtual = 19541

Starting Final Cleanup Task
Ending Final Cleanup Task | Checksum: 24d4c81d7

Time (s): cpu = 00:00:00 ; elapsed = 00:00:00 . Memory (MB): peak = 3116.586 ; gain = 0.000 ; free physical = 7260 ; free virtual = 19541

Starting Netlist Obfuscation Task
Netlist sorting complete. Time (s): cpu = 00:00:00 ; elapsed = 00:00:00 . Memory (MB): peak = 3116.586 ; gain = 0.000 ; free physical = 7260 ; free virtual = 19541
Ending Netlist Obfuscation Task | Checksum: 24d4c81d7

Time (s): cpu = 00:00:00 ; elapsed = 00:00:00 . Memory (MB): peak = 3116.586 ; gain = 0.000 ; free physical = 7260 ; free virtual = 19541
INFO: [Common 17-83] Releasing license: Implementation
27 Infos, 0 Warnings, 0 Critical Warnings and 0 Errors encountered.
opt_design completed successfully
opt_design: Time (s): cpu = 00:00:07 ; elapsed = 00:00:07 . Memory (MB): peak = 3116.586 ; gain = 910.918 ; free physical = 7260 ; free virtual = 19541
INFO: [Vivado 12-24828] Executing command : report_drc -file three_k_plus_one_drc_opted.rpt -pb three_k_plus_one_drc_opted.pb -rpx three_k_plus_one_drc_opted.rpx
Command: report_drc -file three_k_plus_one_drc_opted.rpt -pb three_k_plus_one_drc_opted.pb -rpx three_k_plus_one_drc_opted.rpx
INFO: [IP_Flow 19-234] Refreshing IP repositories
INFO: [IP_Flow 19-1704] No user IP repositories specified
INFO: [IP_Flow 19-2313] Loaded Vivado IP repository '/CMC/tools/xilinx/Vitis_2025.1/2025.1/Vivado/data/ip'.
INFO: [DRC 23-27] Running DRC with 8 threads
INFO: [Vivado_Tcl 2-168] The results of DRC are in file /nfs/home/b/b_orchar/Documents/COEN313/Project/Vivado/project_1/project_1.runs/impl_1/three_k_plus_one_drc_opted.rpt.
report_drc completed successfully
INFO: [Timing 38-480] Writing timing data to binary archive.
Write ShapeDB Complete: Time (s): cpu = 00:00:00 ; elapsed = 00:00:00 . Memory (MB): peak = 3150.305 ; gain = 0.000 ; free physical = 7201 ; free virtual = 19482
Wrote PlaceDB: Time (s): cpu = 00:00:00 ; elapsed = 00:00:00.01 . Memory (MB): peak = 3150.305 ; gain = 0.000 ; free physical = 7201 ; free virtual = 19482
Wrote PulsedLatchDB: Time (s): cpu = 00:00:00 ; elapsed = 00:00:00 . Memory (MB): peak = 3150.305 ; gain = 0.000 ; free physical = 7201 ; free virtual = 19482
Writing XDEF routing.
Writing XDEF routing logical nets.
Writing XDEF routing special nets.
Wrote RouteStorage: Time (s): cpu = 00:00:00.02 ; elapsed = 00:00:00.01 . Memory (MB): peak = 3150.305 ; gain = 0.000 ; free physical = 7201 ; free virtual = 19482
Wrote Netlist Cache: Time (s): cpu = 00:00:00 ; elapsed = 00:00:00 . Memory (MB): peak = 3150.305 ; gain = 0.000 ; free physical = 7201 ; free virtual = 19482
Wrote Device Cache: Time (s): cpu = 00:00:00.01 ; elapsed = 00:00:00 . Memory (MB): peak = 3150.305 ; gain = 0.000 ; free physical = 7201 ; free virtual = 19482
Write Physdb Complete: Time (s): cpu = 00:00:00.07 ; elapsed = 00:00:00.08 . Memory (MB): peak = 3150.305 ; gain = 0.000 ; free physical = 7200 ; free virtual = 19482
INFO: [Common 17-1381] The checkpoint '/nfs/home/b/b_orchar/Documents/COEN313/Project/Vivado/project_1/project_1.runs/impl_1/three_k_plus_one_opt.dcp' has been generated.
Command: place_design
Attempting to get a license for feature 'Implementation' and/or device 'xc7a100t'
INFO: [Common 17-349] Got license for feature 'Implementation' and/or device 'xc7a100t'
INFO: [Common 17-83] Releasing license: Implementation
INFO: [DRC 23-27] Running DRC with 8 threads
INFO: [Vivado_Tcl 4-198] DRC finished with 0 Errors
INFO: [Vivado_Tcl 4-199] Please refer to the DRC report (report_drc) for more information.
Running DRC as a precondition to command place_design
INFO: [DRC 23-27] Running DRC with 8 threads
INFO: [Vivado_Tcl 4-198] DRC finished with 0 Errors
INFO: [Vivado_Tcl 4-199] Please refer to the DRC report (report_drc) for more information.
INFO: [Place 30-611] Multithreading enabled for place_design using a maximum of 8 CPUs

Starting Placer Task

Phase 1 Placer Initialization

Phase 1.1 Placer Initialization Netlist Sorting
Netlist sorting complete. Time (s): cpu = 00:00:00 ; elapsed = 00:00:00 . Memory (MB): peak = 3176.086 ; gain = 0.000 ; free physical = 7172 ; free virtual = 19453
Phase 1.1 Placer Initialization Netlist Sorting | Checksum: 217b769c8

Time (s): cpu = 00:00:00 ; elapsed = 00:00:00 . Memory (MB): peak = 3176.086 ; gain = 0.000 ; free physical = 7172 ; free virtual = 19453
Netlist sorting complete. Time (s): cpu = 00:00:00 ; elapsed = 00:00:00 . Memory (MB): peak = 3176.086 ; gain = 0.000 ; free physical = 7172 ; free virtual = 19453

Phase 1.2 IO Placement/ Clock Placement/ Build Placer Device
INFO: [Timing 38-35] Done setting XDC timing constraints.
Phase 1.2 IO Placement/ Clock Placement/ Build Placer Device | Checksum: 1f2e689ba

Time (s): cpu = 00:00:00.43 ; elapsed = 00:00:00.17 . Memory (MB): peak = 3176.086 ; gain = 0.000 ; free physical = 7170 ; free virtual = 19451

Phase 1.3 Build Placer Netlist Model
Phase 1.3 Build Placer Netlist Model | Checksum: 27ead636e

Time (s): cpu = 00:00:00.65 ; elapsed = 00:00:00.25 . Memory (MB): peak = 3208.102 ; gain = 32.016 ; free physical = 7170 ; free virtual = 19451

Phase 1.4 Constrain Clocks/Macros
Phase 1.4 Constrain Clocks/Macros | Checksum: 27ead636e

Time (s): cpu = 00:00:00.65 ; elapsed = 00:00:00.25 . Memory (MB): peak = 3208.102 ; gain = 32.016 ; free physical = 7170 ; free virtual = 19451
Phase 1 Placer Initialization | Checksum: 27ead636e

Time (s): cpu = 00:00:00.66 ; elapsed = 00:00:00.25 . Memory (MB): peak = 3208.102 ; gain = 32.016 ; free physical = 7170 ; free virtual = 19451

Phase 2 Global Placement

Phase 2.1 Floorplanning
Phase 2.1 Floorplanning | Checksum: 1faf73f15

Time (s): cpu = 00:00:00.77 ; elapsed = 00:00:00.27 . Memory (MB): peak = 3208.102 ; gain = 32.016 ; free physical = 7154 ; free virtual = 19435

Phase 2.2 Update Timing before SLR Path Opt
Phase 2.2 Update Timing before SLR Path Opt | Checksum: 204803752

Time (s): cpu = 00:00:00.84 ; elapsed = 00:00:00.28 . Memory (MB): peak = 3208.102 ; gain = 32.016 ; free physical = 7169 ; free virtual = 19451

Phase 2.3 Post-Processing in Floorplanning
Phase 2.3 Post-Processing in Floorplanning | Checksum: 204803752

Time (s): cpu = 00:00:00.85 ; elapsed = 00:00:00.28 . Memory (MB): peak = 3208.102 ; gain = 32.016 ; free physical = 7173 ; free virtual = 19454

Phase 2.4 Global Place Phase1
Phase 2.4 Global Place Phase1 | Checksum: 293367e82

Time (s): cpu = 00:00:01 ; elapsed = 00:00:00.42 . Memory (MB): peak = 3208.102 ; gain = 32.016 ; free physical = 7156 ; free virtual = 19437

Phase 2.5 Global Place Phase2

Phase 2.5.1 UpdateTiming Before Physical Synthesis
Phase 2.5.1 UpdateTiming Before Physical Synthesis | Checksum: 24a75e260

Time (s): cpu = 00:00:01 ; elapsed = 00:00:00.43 . Memory (MB): peak = 3208.102 ; gain = 32.016 ; free physical = 7167 ; free virtual = 19449

Phase 2.5.2 Physical Synthesis In Placer
INFO: [Physopt 32-1035] Found 0 LUTNM shape to break, 2 LUT instances to create LUTNM shape
INFO: [Physopt 32-1044] Break lutnm for timing: one critical 0, two critical 0, total 0, new lutff created 0
INFO: [Physopt 32-1138] End 1 Pass. Optimized 1 net or LUT. Breaked 0 LUT, combined 1 existing LUT and moved 0 existing LUT
INFO: [Physopt 32-65] No nets found for high-fanout optimization.
INFO: [Physopt 32-232] Optimized 0 net. Created 0 new instance.
INFO: [Physopt 32-775] End 1 Pass. Optimized 0 net or cell. Created 0 new cell, deleted 0 existing cell and moved 0 existing cell
INFO: [Physopt 32-670] No setup violation found.  DSP Register Optimization was not performed.
INFO: [Physopt 32-670] No setup violation found.  Shift Register to Pipeline Optimization was not performed.
INFO: [Physopt 32-670] No setup violation found.  Shift Register Optimization was not performed.
INFO: [Physopt 32-670] No setup violation found.  BRAM Register Optimization was not performed.
INFO: [Physopt 32-670] No setup violation found.  URAM Register Optimization was not performed.
INFO: [Physopt 32-949] No candidate nets found for dynamic/static region interface net replication
INFO: [Physopt 32-775] End 1 Pass. Optimized 0 net or cell. Created 0 new cell, deleted 0 existing cell and moved 0 existing cell
Netlist sorting complete. Time (s): cpu = 00:00:00 ; elapsed = 00:00:00 . Memory (MB): peak = 3208.102 ; gain = 0.000 ; free physical = 7167 ; free virtual = 19449

Summary of Physical Synthesis Optimizations
============================================


-----------------------------------------------------------------------------------------------------------------------------------------------------------
|  Optimization                                     |  Added Cells  |  Removed Cells  |  Optimized Cells/Nets  |  Dont Touch  |  Iterations  |  Elapsed   |
-----------------------------------------------------------------------------------------------------------------------------------------------------------
|  LUT Combining                                    |            0  |              1  |                     1  |           0  |           1  |  00:00:00  |
|  Retime                                           |            0  |              0  |                     0  |           0  |           1  |  00:00:00  |
|  Very High Fanout                                 |            0  |              0  |                     0  |           0  |           1  |  00:00:00  |
|  DSP Register                                     |            0  |              0  |                     0  |           0  |           0  |  00:00:00  |
|  Shift Register to Pipeline                       |            0  |              0  |                     0  |           0  |           0  |  00:00:00  |
|  Shift Register                                   |            0  |              0  |                     0  |           0  |           0  |  00:00:00  |
|  BRAM Register                                    |            0  |              0  |                     0  |           0  |           0  |  00:00:00  |
|  URAM Register                                    |            0  |              0  |                     0  |           0  |           0  |  00:00:00  |
|  Dynamic/Static Region Interface Net Replication  |            0  |              0  |                     0  |           0  |           1  |  00:00:00  |
|  Total                                            |            0  |              1  |                     1  |           0  |           4  |  00:00:00  |
-----------------------------------------------------------------------------------------------------------------------------------------------------------


Phase 2.5.2 Physical Synthesis In Placer | Checksum: 22c93cfe8

Time (s): cpu = 00:00:02 ; elapsed = 00:00:00.64 . Memory (MB): peak = 3208.102 ; gain = 32.016 ; free physical = 7167 ; free virtual = 19449
Phase 2.5 Global Place Phase2 | Checksum: 229ddd9a5

Time (s): cpu = 00:00:02 ; elapsed = 00:00:00.71 . Memory (MB): peak = 3208.102 ; gain = 32.016 ; free physical = 7167 ; free virtual = 19449
Phase 2 Global Placement | Checksum: 229ddd9a5

Time (s): cpu = 00:00:02 ; elapsed = 00:00:00.71 . Memory (MB): peak = 3208.102 ; gain = 32.016 ; free physical = 7167 ; free virtual = 19449

Phase 3 Detail Placement

Phase 3.1 Commit Multi Column Macros
Phase 3.1 Commit Multi Column Macros | Checksum: 20c1b2c79

Time (s): cpu = 00:00:02 ; elapsed = 00:00:00.72 . Memory (MB): peak = 3208.102 ; gain = 32.016 ; free physical = 7167 ; free virtual = 19449

Phase 3.2 Commit Most Macros & LUTRAMs
Phase 3.2 Commit Most Macros & LUTRAMs | Checksum: 2280483b0

Time (s): cpu = 00:00:02 ; elapsed = 00:00:00.75 . Memory (MB): peak = 3208.102 ; gain = 32.016 ; free physical = 7167 ; free virtual = 19448

Phase 3.3 Area Swap Optimization
Phase 3.3 Area Swap Optimization | Checksum: 1816da337

Time (s): cpu = 00:00:02 ; elapsed = 00:00:00.75 . Memory (MB): peak = 3208.102 ; gain = 32.016 ; free physical = 7167 ; free virtual = 19448

Phase 3.4 Pipeline Register Optimization
Phase 3.4 Pipeline Register Optimization | Checksum: 1ef3abd6e

Time (s): cpu = 00:00:02 ; elapsed = 00:00:00.76 . Memory (MB): peak = 3208.102 ; gain = 32.016 ; free physical = 7167 ; free virtual = 19448

Phase 3.5 Small Shape Detail Placement
Phase 3.5 Small Shape Detail Placement | Checksum: 1af6f244e

Time (s): cpu = 00:00:03 ; elapsed = 00:00:00.85 . Memory (MB): peak = 3208.102 ; gain = 32.016 ; free physical = 7163 ; free virtual = 19445

Phase 3.6 Re-assign LUT pins
Phase 3.6 Re-assign LUT pins | Checksum: 19427957b

Time (s): cpu = 00:00:03 ; elapsed = 00:00:00.86 . Memory (MB): peak = 3208.102 ; gain = 32.016 ; free physical = 7163 ; free virtual = 19445

Phase 3.7 Pipeline Register Optimization
Phase 3.7 Pipeline Register Optimization | Checksum: 287729ac4

Time (s): cpu = 00:00:03 ; elapsed = 00:00:00.86 . Memory (MB): peak = 3208.102 ; gain = 32.016 ; free physical = 7163 ; free virtual = 19445
Phase 3 Detail Placement | Checksum: 287729ac4

Time (s): cpu = 00:00:03 ; elapsed = 00:00:00.86 . Memory (MB): peak = 3208.102 ; gain = 32.016 ; free physical = 7163 ; free virtual = 19445

Phase 4 Post Placement Optimization and Clean-Up

Phase 4.1 Post Commit Optimization
INFO: [Timing 38-35] Done setting XDC timing constraints.

Phase 4.1.1 Post Placement Optimization
Post Placement Optimization Initialization | Checksum: 3006947a9

Phase 4.1.1.1 BUFG Insertion

Starting Physical Synthesis Task

Phase 1 Physical Synthesis Initialization
INFO: [Physopt 32-721] Multithreading enabled for phys_opt_design using a maximum of 8 CPUs
INFO: [Physopt 32-619] Estimated Timing Summary | WNS=5.918 | TNS=0.000 |
Phase 1 Physical Synthesis Initialization | Checksum: 1b9a232fe

Time (s): cpu = 00:00:00.06 ; elapsed = 00:00:00.01 . Memory (MB): peak = 3208.102 ; gain = 0.000 ; free physical = 7163 ; free virtual = 19445
INFO: [Place 46-56] BUFG insertion identified 0 candidate nets. Inserted BUFG: 0, Replicated BUFG Driver: 0, Skipped due to Placement/Routing Conflicts: 0, Skipped due to Timing Degradation: 0, Skipped due to netlist editing failed: 0.
Ending Physical Synthesis Task | Checksum: 255de1e05

Time (s): cpu = 00:00:00.06 ; elapsed = 00:00:00.01 . Memory (MB): peak = 3208.102 ; gain = 0.000 ; free physical = 7163 ; free virtual = 19445
Phase 4.1.1.1 BUFG Insertion | Checksum: 3006947a9

Time (s): cpu = 00:00:03 ; elapsed = 00:00:00.92 . Memory (MB): peak = 3208.102 ; gain = 32.016 ; free physical = 7163 ; free virtual = 19445

Phase 4.1.1.2 Post Placement Timing Optimization
INFO: [Place 30-746] Post Placement Timing Summary WNS=5.918. For the most accurate timing information please run report_timing.
Phase 4.1.1.2 Post Placement Timing Optimization | Checksum: 26be0a56a

Time (s): cpu = 00:00:03 ; elapsed = 00:00:00.92 . Memory (MB): peak = 3208.102 ; gain = 32.016 ; free physical = 7163 ; free virtual = 19445

Time (s): cpu = 00:00:03 ; elapsed = 00:00:00.92 . Memory (MB): peak = 3208.102 ; gain = 32.016 ; free physical = 7163 ; free virtual = 19445
Phase 4.1 Post Commit Optimization | Checksum: 26be0a56a

Time (s): cpu = 00:00:03 ; elapsed = 00:00:00.92 . Memory (MB): peak = 3208.102 ; gain = 32.016 ; free physical = 7163 ; free virtual = 19445

Phase 4.2 Post Placement Cleanup
Phase 4.2 Post Placement Cleanup | Checksum: 26be0a56a

Time (s): cpu = 00:00:03 ; elapsed = 00:00:00.93 . Memory (MB): peak = 3208.102 ; gain = 32.016 ; free physical = 7163 ; free virtual = 19445

Phase 4.3 Placer Reporting

Phase 4.3.1 Print Estimated Congestion
INFO: [Place 30-612] Post-Placement Estimated Congestion 
 ____________________________________________________
|           | Global Congestion | Short Congestion  |
| Direction | Region Size       | Region Size       |
|___________|___________________|___________________|
|      North|                1x1|                1x1|
|___________|___________________|___________________|
|      South|                1x1|                1x1|
|___________|___________________|___________________|
|       East|                1x1|                1x1|
|___________|___________________|___________________|
|       West|                1x1|                1x1|
|___________|___________________|___________________|

Phase 4.3.1 Print Estimated Congestion | Checksum: 26be0a56a

Time (s): cpu = 00:00:03 ; elapsed = 00:00:00.93 . Memory (MB): peak = 3208.102 ; gain = 32.016 ; free physical = 7163 ; free virtual = 19445
Phase 4.3 Placer Reporting | Checksum: 26be0a56a

Time (s): cpu = 00:00:03 ; elapsed = 00:00:00.93 . Memory (MB): peak = 3208.102 ; gain = 32.016 ; free physical = 7163 ; free virtual = 19445

Phase 4.4 Final Placement Cleanup
Netlist sorting complete. Time (s): cpu = 00:00:00 ; elapsed = 00:00:00 . Memory (MB): peak = 3208.102 ; gain = 0.000 ; free physical = 7163 ; free virtual = 19445

Time (s): cpu = 00:00:03 ; elapsed = 00:00:00.93 . Memory (MB): peak = 3208.102 ; gain = 32.016 ; free physical = 7163 ; free virtual = 19445
Phase 4 Post Placement Optimization and Clean-Up | Checksum: 255923005

Time (s): cpu = 00:00:03 ; elapsed = 00:00:00.93 . Memory (MB): peak = 3208.102 ; gain = 32.016 ; free physical = 7163 ; free virtual = 19445
Ending Placer Task | Checksum: 209fa9091

Time (s): cpu = 00:00:03 ; elapsed = 00:00:00.93 . Memory (MB): peak = 3208.102 ; gain = 32.016 ; free physical = 7163 ; free virtual = 19445
64 Infos, 0 Warnings, 0 Critical Warnings and 0 Errors encountered.
place_design completed successfully
INFO: [Vivado 12-24838] Running report commands "report_control_sets, report_io, report_utilization" in parallel.
Running report generation with 3 threads.
INFO: [Vivado 12-24828] Executing command : report_control_sets -verbose -file three_k_plus_one_control_sets_placed.rpt
report_control_sets: Time (s): cpu = 00:00:00.01 ; elapsed = 00:00:00.01 . Memory (MB): peak = 3208.102 ; gain = 0.000 ; free physical = 7163 ; free virtual = 19445
INFO: [Vivado 12-24828] Executing command : report_utilization -file three_k_plus_one_utilization_placed.rpt -pb three_k_plus_one_utilization_placed.pb
INFO: [Vivado 12-24828] Executing command : report_io -file three_k_plus_one_io_placed.rpt
report_io: Time (s): cpu = 00:00:00.09 ; elapsed = 00:00:00.07 . Memory (MB): peak = 3208.102 ; gain = 0.000 ; free physical = 7163 ; free virtual = 19445
INFO: [Timing 38-480] Writing timing data to binary archive.
Write ShapeDB Complete: Time (s): cpu = 00:00:00 ; elapsed = 00:00:00 . Memory (MB): peak = 3208.102 ; gain = 0.000 ; free physical = 7163 ; free virtual = 19445
Wrote PlaceDB: Time (s): cpu = 00:00:00 ; elapsed = 00:00:00 . Memory (MB): peak = 3208.102 ; gain = 0.000 ; free physical = 7163 ; free virtual = 19445
Wrote PulsedLatchDB: Time (s): cpu = 00:00:00 ; elapsed = 00:00:00 . Memory (MB): peak = 3208.102 ; gain = 0.000 ; free physical = 7163 ; free virtual = 19444
Writing XDEF routing.
Writing XDEF routing logical nets.
Writing XDEF routing special nets.
Wrote RouteStorage: Time (s): cpu = 00:00:00.02 ; elapsed = 00:00:00.01 . Memory (MB): peak = 3208.102 ; gain = 0.000 ; free physical = 7163 ; free virtual = 19444
Wrote Netlist Cache: Time (s): cpu = 00:00:00 ; elapsed = 00:00:00 . Memory (MB): peak = 3208.102 ; gain = 0.000 ; free physical = 7162 ; free virtual = 19444
Wrote Device Cache: Time (s): cpu = 00:00:00.01 ; elapsed = 00:00:00 . Memory (MB): peak = 3208.102 ; gain = 0.000 ; free physical = 7162 ; free virtual = 19444
Write Physdb Complete: Time (s): cpu = 00:00:00.06 ; elapsed = 00:00:00.11 . Memory (MB): peak = 3208.102 ; gain = 0.000 ; free physical = 7162 ; free virtual = 19444
INFO: [Common 17-1381] The checkpoint '/nfs/home/b/b_orchar/Documents/COEN313/Project/Vivado/project_1/project_1.runs/impl_1/three_k_plus_one_placed.dcp' has been generated.
Command: phys_opt_design
Attempting to get a license for feature 'Implementation' and/or device 'xc7a100t'
INFO: [Common 17-349] Got license for feature 'Implementation' and/or device 'xc7a100t'

Starting Initial Update Timing Task

Time (s): cpu = 00:00:00.01 ; elapsed = 00:00:00.01 . Memory (MB): peak = 3208.102 ; gain = 0.000 ; free physical = 7161 ; free virtual = 19443
INFO: [Vivado_Tcl 4-2279] Estimated Timing Summary | WNS= 5.918 | TNS= 0.000 | 
INFO: [Vivado_Tcl 4-383] Design worst setup slack (WNS) is greater than or equal to 0.000 ns. All physical synthesis setup optimizations will be skipped.
INFO: [Vivado_Tcl 4-232] No setup violation found. The netlist was not modified.
INFO: [Common 17-83] Releasing license: Implementation
75 Infos, 0 Warnings, 0 Critical Warnings and 0 Errors encountered.
phys_opt_design completed successfully
INFO: [Timing 38-480] Writing timing data to binary archive.
Write ShapeDB Complete: Time (s): cpu = 00:00:00 ; elapsed = 00:00:00 . Memory (MB): peak = 3208.102 ; gain = 0.000 ; free physical = 7161 ; free virtual = 19443
Wrote PlaceDB: Time (s): cpu = 00:00:00 ; elapsed = 00:00:00 . Memory (MB): peak = 3208.102 ; gain = 0.000 ; free physical = 7161 ; free virtual = 19443
Wrote PulsedLatchDB: Time (s): cpu = 00:00:00 ; elapsed = 00:00:00.01 . Memory (MB): peak = 3208.102 ; gain = 0.000 ; free physical = 7161 ; free virtual = 19442
Writing XDEF routing.
Writing XDEF routing logical nets.
Writing XDEF routing special nets.
Wrote RouteStorage: Time (s): cpu = 00:00:00.02 ; elapsed = 00:00:00 . Memory (MB): peak = 3208.102 ; gain = 0.000 ; free physical = 7160 ; free virtual = 19442
Wrote Netlist Cache: Time (s): cpu = 00:00:00 ; elapsed = 00:00:00 . Memory (MB): peak = 3208.102 ; gain = 0.000 ; free physical = 7159 ; free virtual = 19441
Wrote Device Cache: Time (s): cpu = 00:00:00.01 ; elapsed = 00:00:00 . Memory (MB): peak = 3208.102 ; gain = 0.000 ; free physical = 7159 ; free virtual = 19441
Write Physdb Complete: Time (s): cpu = 00:00:00.07 ; elapsed = 00:00:00.09 . Memory (MB): peak = 3208.102 ; gain = 0.000 ; free physical = 7158 ; free virtual = 19440
INFO: [Common 17-1381] The checkpoint '/nfs/home/b/b_orchar/Documents/COEN313/Project/Vivado/project_1/project_1.runs/impl_1/three_k_plus_one_physopt.dcp' has been generated.
Command: route_design
Attempting to get a license for feature 'Implementation' and/or device 'xc7a100t'
INFO: [Common 17-349] Got license for feature 'Implementation' and/or device 'xc7a100t'


Starting Routing Task
INFO: [Route 35-254] Multithreading enabled for route_design using a maximum of 8 CPUs

Phase 1 Build RT Design
Checksum: PlaceDB: ca89cd24 ConstDB: 0 ShapeSum: 8d9e63d7 RouteDB: b1d25f96
Post Restoration Checksum: NetGraph: bdb31bb | NumContArr: c36ca8c7 | Constraints: c2a8fa9d | Timing: c2a8fa9d
Phase 1 Build RT Design | Checksum: 25499cfbc

Time (s): cpu = 00:00:18 ; elapsed = 00:00:16 . Memory (MB): peak = 3321.051 ; gain = 112.949 ; free physical = 7014 ; free virtual = 19296

Phase 2 Router Initialization

Phase 2.1 Fix Topology Constraints
Phase 2.1 Fix Topology Constraints | Checksum: 25499cfbc

Time (s): cpu = 00:00:18 ; elapsed = 00:00:16 . Memory (MB): peak = 3321.051 ; gain = 112.949 ; free physical = 7014 ; free virtual = 19296

Phase 2.2 Pre Route Cleanup
Phase 2.2 Pre Route Cleanup | Checksum: 25499cfbc

Time (s): cpu = 00:00:18 ; elapsed = 00:00:16 . Memory (MB): peak = 3321.051 ; gain = 112.949 ; free physical = 7014 ; free virtual = 19296
 Number of Nodes with overlaps = 0

Phase 2.3 Update Timing
Phase 2.3 Update Timing | Checksum: 23ecb478d

Time (s): cpu = 00:00:19 ; elapsed = 00:00:16 . Memory (MB): peak = 3351.254 ; gain = 143.152 ; free physical = 6984 ; free virtual = 19266
INFO: [Route 35-416] Intermediate Timing Summary | WNS=5.884  | TNS=0.000  | WHS=-0.089 | THS=-1.059 |


Phase 2.4 Soft Constraint Pins - Fast Budgeting
Phase 2.4 Soft Constraint Pins - Fast Budgeting | Checksum: 2a49e0692

Time (s): cpu = 00:00:19 ; elapsed = 00:00:16 . Memory (MB): peak = 3359.254 ; gain = 151.152 ; free physical = 6984 ; free virtual = 19266

Router Utilization Summary
  Global Vertical Routing Utilization    = 0 %
  Global Horizontal Routing Utilization  = 0 %
  Routable Net Status*
  *Does not include unroutable nets such as driverless and loadless.
  Run report_route_status for detailed report.
  Number of Failed Nets               = 84
    (Failed Nets is the sum of unrouted and partially routed nets)
  Number of Unrouted Nets             = 84
  Number of Partially Routed Nets     = 0
  Number of Node Overlaps             = 0

Phase 2 Router Initialization | Checksum: 2a49e0692

Time (s): cpu = 00:00:19 ; elapsed = 00:00:16 . Memory (MB): peak = 3359.254 ; gain = 151.152 ; free physical = 6979 ; free virtual = 19261

Phase 3 Global Routing
Phase 3 Global Routing | Checksum: 2a49e0692

Time (s): cpu = 00:00:19 ; elapsed = 00:00:16 . Memory (MB): peak = 3359.254 ; gain = 151.152 ; free physical = 6979 ; free virtual = 19261

Phase 4 Initial Routing

Phase 4.1 Initial Net Routing Pass
Phase 4.1 Initial Net Routing Pass | Checksum: 16ce07e1d

Time (s): cpu = 00:00:19 ; elapsed = 00:00:16 . Memory (MB): peak = 3359.254 ; gain = 151.152 ; free physical = 6979 ; free virtual = 19261
Phase 4 Initial Routing | Checksum: 16ce07e1d

Time (s): cpu = 00:00:19 ; elapsed = 00:00:16 . Memory (MB): peak = 3359.254 ; gain = 151.152 ; free physical = 6979 ; free virtual = 19261

Phase 5 Rip-up And Reroute

Phase 5.1 Global Iteration 0
 Number of Nodes with overlaps = 1
 Number of Nodes with overlaps = 0
INFO: [Route 35-416] Intermediate Timing Summary | WNS=5.808  | TNS=0.000  | WHS=N/A    | THS=N/A    |

Phase 5.1 Global Iteration 0 | Checksum: 1d0b5cbf1

Time (s): cpu = 00:00:19 ; elapsed = 00:00:16 . Memory (MB): peak = 3359.254 ; gain = 151.152 ; free physical = 6979 ; free virtual = 19261
Phase 5 Rip-up And Reroute | Checksum: 1d0b5cbf1

Time (s): cpu = 00:00:19 ; elapsed = 00:00:16 . Memory (MB): peak = 3359.254 ; gain = 151.152 ; free physical = 6979 ; free virtual = 19261

Phase 6 Delay and Skew Optimization

Phase 6.1 Delay CleanUp
Phase 6.1 Delay CleanUp | Checksum: 1d0b5cbf1

Time (s): cpu = 00:00:19 ; elapsed = 00:00:16 . Memory (MB): peak = 3359.254 ; gain = 151.152 ; free physical = 6979 ; free virtual = 19261

Phase 6.2 Clock Skew Optimization
Phase 6.2 Clock Skew Optimization | Checksum: 1d0b5cbf1

Time (s): cpu = 00:00:19 ; elapsed = 00:00:16 . Memory (MB): peak = 3359.254 ; gain = 151.152 ; free physical = 6979 ; free virtual = 19261
Phase 6 Delay and Skew Optimization | Checksum: 1d0b5cbf1

Time (s): cpu = 00:00:19 ; elapsed = 00:00:16 . Memory (MB): peak = 3359.254 ; gain = 151.152 ; free physical = 6979 ; free virtual = 19261

Phase 7 Post Hold Fix

Phase 7.1 Hold Fix Iter
INFO: [Route 35-416] Intermediate Timing Summary | WNS=5.903  | TNS=0.000  | WHS=0.200  | THS=0.000  |

Phase 7.1 Hold Fix Iter | Checksum: 1fdf252d3

Time (s): cpu = 00:00:19 ; elapsed = 00:00:16 . Memory (MB): peak = 3359.254 ; gain = 151.152 ; free physical = 6979 ; free virtual = 19261
Phase 7 Post Hold Fix | Checksum: 1fdf252d3

Time (s): cpu = 00:00:19 ; elapsed = 00:00:16 . Memory (MB): peak = 3359.254 ; gain = 151.152 ; free physical = 6979 ; free virtual = 19261

Phase 8 Route finalize

Router Utilization Summary
  Global Vertical Routing Utilization    = 0.0161031 %
  Global Horizontal Routing Utilization  = 0.0103723 %
  Routable Net Status*
  *Does not include unroutable nets such as driverless and loadless.
  Run report_route_status for detailed report.
  Number of Failed Nets               = 0
    (Failed Nets is the sum of unrouted and partially routed nets)
  Number of Unrouted Nets             = 0
  Number of Partially Routed Nets     = 0
  Number of Node Overlaps             = 0

Phase 8 Route finalize | Checksum: 1fdf252d3

Time (s): cpu = 00:00:19 ; elapsed = 00:00:16 . Memory (MB): peak = 3359.254 ; gain = 151.152 ; free physical = 6979 ; free virtual = 19261

Phase 9 Verifying routed nets

 Verification completed successfully
Phase 9 Verifying routed nets | Checksum: 1fdf252d3

Time (s): cpu = 00:00:19 ; elapsed = 00:00:16 . Memory (MB): peak = 3359.254 ; gain = 151.152 ; free physical = 6979 ; free virtual = 19261

Phase 10 Depositing Routes
Phase 10 Depositing Routes | Checksum: 2a235544e

Time (s): cpu = 00:00:19 ; elapsed = 00:00:16 . Memory (MB): peak = 3359.254 ; gain = 151.152 ; free physical = 6979 ; free virtual = 19261

Phase 11 Post Process Routing
Phase 11 Post Process Routing | Checksum: 2a235544e

Time (s): cpu = 00:00:19 ; elapsed = 00:00:16 . Memory (MB): peak = 3359.254 ; gain = 151.152 ; free physical = 6979 ; free virtual = 19261

Phase 12 Post Router Timing
INFO: [Route 35-57] Estimated Timing Summary | WNS=5.903  | TNS=0.000  | WHS=0.200  | THS=0.000  |

INFO: [Route 35-327] The final timing numbers are based on the router estimated timing analysis. For a complete and accurate timing signoff, please run report_timing_summary.
Phase 12 Post Router Timing | Checksum: 2a235544e

Time (s): cpu = 00:00:19 ; elapsed = 00:00:16 . Memory (MB): peak = 3359.254 ; gain = 151.152 ; free physical = 6979 ; free virtual = 19261
Total Elapsed time in route_design: 16.46 secs

Phase 13 Post-Route Event Processing
Phase 13 Post-Route Event Processing | Checksum: c598a883

Time (s): cpu = 00:00:19 ; elapsed = 00:00:16 . Memory (MB): peak = 3359.254 ; gain = 151.152 ; free physical = 6979 ; free virtual = 19261
INFO: [Route 35-16] Router Completed Successfully
Ending Routing Task | Checksum: c598a883

Time (s): cpu = 00:00:19 ; elapsed = 00:00:16 . Memory (MB): peak = 3359.254 ; gain = 151.152 ; free physical = 6979 ; free virtual = 19261

Routing Is Done.
INFO: [Common 17-83] Releasing license: Implementation
86 Infos, 0 Warnings, 0 Critical Warnings and 0 Errors encountered.
route_design completed successfully
route_design: Time (s): cpu = 00:00:20 ; elapsed = 00:00:17 . Memory (MB): peak = 3359.254 ; gain = 151.152 ; free physical = 6979 ; free virtual = 19261
INFO: [Vivado 12-24828] Executing command : report_drc -file three_k_plus_one_drc_routed.rpt -pb three_k_plus_one_drc_routed.pb -rpx three_k_plus_one_drc_routed.rpx
Command: report_drc -file three_k_plus_one_drc_routed.rpt -pb three_k_plus_one_drc_routed.pb -rpx three_k_plus_one_drc_routed.rpx
INFO: [IP_Flow 19-1839] IP Catalog is up to date.
INFO: [DRC 23-27] Running DRC with 8 threads
INFO: [Vivado_Tcl 2-168] The results of DRC are in file /nfs/home/b/b_orchar/Documents/COEN313/Project/Vivado/project_1/project_1.runs/impl_1/three_k_plus_one_drc_routed.rpt.
report_drc completed successfully
INFO: [Vivado 12-24828] Executing command : report_methodology -file three_k_plus_one_methodology_drc_routed.rpt -pb three_k_plus_one_methodology_drc_routed.pb -rpx three_k_plus_one_methodology_drc_routed.rpx
Command: report_methodology -file three_k_plus_one_methodology_drc_routed.rpt -pb three_k_plus_one_methodology_drc_routed.pb -rpx three_k_plus_one_methodology_drc_routed.rpx
INFO: [Timing 38-35] Done setting XDC timing constraints.
INFO: [DRC 23-133] Running Methodology with 8 threads
INFO: [Vivado_Tcl 2-1520] The results of Report Methodology are in file /nfs/home/b/b_orchar/Documents/COEN313/Project/Vivado/project_1/project_1.runs/impl_1/three_k_plus_one_methodology_drc_routed.rpt.
report_methodology completed successfully
INFO: [Vivado 12-24828] Executing command : report_timing_summary -max_paths 10 -routable_nets -report_unconstrained -file three_k_plus_one_timing_summary_routed.rpt -pb three_k_plus_one_timing_summary_routed.pb -rpx three_k_plus_one_timing_summary_routed.rpx -warn_on_violation 
INFO: [Timing 38-35] Done setting XDC timing constraints.
INFO: [Timing 38-91] UpdateTimingParams: Speed grade: -1, Delay Type: min_max.
INFO: [Timing 38-191] Multithreading enabled for timing update using a maximum of 8 CPUs
INFO: [Vivado 12-24838] Running report commands "report_bus_skew, report_incremental_reuse, report_route_status" in parallel.
Running report generation with 3 threads.
INFO: [Vivado 12-24828] Executing command : report_incremental_reuse -file three_k_plus_one_incremental_reuse_routed.rpt
INFO: [Vivado_Tcl 4-1062] Incremental flow is disabled. No incremental reuse Info to report.
INFO: [Vivado 12-24828] Executing command : report_route_status -file three_k_plus_one_route_status.rpt -pb three_k_plus_one_route_status.pb
INFO: [Vivado 12-24828] Executing command : report_bus_skew -warn_on_violation -file three_k_plus_one_bus_skew_routed.rpt -pb three_k_plus_one_bus_skew_routed.pb -rpx three_k_plus_one_bus_skew_routed.rpx
INFO: [Timing 38-91] UpdateTimingParams: Speed grade: -1, Delay Type: min_max.
INFO: [Timing 38-191] Multithreading enabled for timing update using a maximum of 8 CPUs
INFO: [Vivado 12-24828] Executing command : report_power -file three_k_plus_one_power_routed.rpt -pb three_k_plus_one_power_summary_routed.pb -rpx three_k_plus_one_power_routed.rpx
Command: report_power -file three_k_plus_one_power_routed.rpt -pb three_k_plus_one_power_summary_routed.pb -rpx three_k_plus_one_power_routed.rpx
Running Vector-less Activity Propagation...

Finished Running Vector-less Activity Propagation
106 Infos, 0 Warnings, 0 Critical Warnings and 0 Errors encountered.
report_power completed successfully
INFO: [Vivado 12-24828] Executing command : report_clock_utilization -file three_k_plus_one_clock_utilization_routed.rpt
INFO: [Timing 38-480] Writing timing data to binary archive.
Write ShapeDB Complete: Time (s): cpu = 00:00:00 ; elapsed = 00:00:00 . Memory (MB): peak = 3494.527 ; gain = 0.000 ; free physical = 6888 ; free virtual = 19171
Wrote PlaceDB: Time (s): cpu = 00:00:00.01 ; elapsed = 00:00:00 . Memory (MB): peak = 3494.527 ; gain = 0.000 ; free physical = 6888 ; free virtual = 19171
Wrote PulsedLatchDB: Time (s): cpu = 00:00:00 ; elapsed = 00:00:00 . Memory (MB): peak = 3494.527 ; gain = 0.000 ; free physical = 6888 ; free virtual = 19171
Writing XDEF routing.
Writing XDEF routing logical nets.
Writing XDEF routing special nets.
Wrote RouteStorage: Time (s): cpu = 00:00:00.02 ; elapsed = 00:00:00.01 . Memory (MB): peak = 3494.527 ; gain = 0.000 ; free physical = 6888 ; free virtual = 19171
Wrote Netlist Cache: Time (s): cpu = 00:00:00 ; elapsed = 00:00:00 . Memory (MB): peak = 3494.527 ; gain = 0.000 ; free physical = 6888 ; free virtual = 19171
Wrote Device Cache: Time (s): cpu = 00:00:00.01 ; elapsed = 00:00:00 . Memory (MB): peak = 3494.527 ; gain = 0.000 ; free physical = 6887 ; free virtual = 19171
Write Physdb Complete: Time (s): cpu = 00:00:00.08 ; elapsed = 00:00:00.11 . Memory (MB): peak = 3494.527 ; gain = 0.000 ; free physical = 6887 ; free virtual = 19171
INFO: [Common 17-1381] The checkpoint '/nfs/home/b/b_orchar/Documents/COEN313/Project/Vivado/project_1/project_1.runs/impl_1/three_k_plus_one_routed.dcp' has been generated.
Command: write_bitstream -force three_k_plus_one.bit
Attempting to get a license for feature 'Implementation' and/or device 'xc7a100t'
INFO: [Common 17-349] Got license for feature 'Implementation' and/or device 'xc7a100t'
Running DRC as a precondition to command write_bitstream
INFO: [IP_Flow 19-1839] IP Catalog is up to date.
INFO: [DRC 23-27] Running DRC with 8 threads
INFO: [Vivado 12-3199] DRC finished with 0 Errors
INFO: [Vivado 12-3200] Please refer to the DRC report (report_drc) for more information.
INFO: [Designutils 20-2272] Running write_bitstream with 8 threads.
Loading data files...
Loading site data...
Loading route data...
Processing options...
Creating bitmap...
Creating bitstream...
Writing bitstream ./three_k_plus_one.bit...
INFO: [Vivado 12-1842] Bitgen Completed Successfully.
INFO: [Common 17-83] Releasing license: Implementation
117 Infos, 0 Warnings, 0 Critical Warnings and 0 Errors encountered.
write_bitstream completed successfully
write_bitstream: Time (s): cpu = 00:00:08 ; elapsed = 00:00:05 . Memory (MB): peak = 3759.449 ; gain = 264.922 ; free physical = 6568 ; free virtual = 18854
INFO: [Common 17-206] Exiting Vivado at Fri Jun 26 18:47:51 2026...
